[2015-05-20 15:26:55] local.ERROR: exception 'Symfony\Component\HttpKernel\Exception\NotFoundHttpException' in C:\Users\Alvaro\Documents\Proyectos\estadisticas-futbol\vendor\laravel\framework\src\Illuminate\Routing\RouteCollection.php:148
Stack trace:
#0 C:\Users\Alvaro\Documents\Proyectos\estadisticas-futbol\vendor\laravel\framework\src\Illuminate\Routing\Router.php(1054): Illuminate\Routing\RouteCollection->match(Object(Illuminate\Http\Request))
#1 C:\Users\Alvaro\Documents\Proyectos\estadisticas-futbol\vendor\laravel\framework\src\Illuminate\Routing\Router.php(1022): Illuminate\Routing\Router->findRoute(Object(Illuminate\Http\Request))
#2 C:\Users\Alvaro\Documents\Proyectos\estadisticas-futbol\vendor\laravel\framework\src\Illuminate\Routing\Router.php(1001): Illuminate\Routing\Router->dispatchToRoute(Object(Illuminate\Http\Request))
#3 C:\Users\Alvaro\Documents\Proyectos\estadisticas-futbol\vendor\laravel\framework\src\Illuminate\Foundation\Application.php(775): Illuminate\Routing\Router->dispatch(Object(Illuminate\Http\Request))
#4 C:\Users\Alvaro\Documents\Proyectos\estadisticas-futbol\vendor\laravel\framework\src\Illuminate\Foundation\Application.php(745): Illuminate\Foundation\Application->dispatch(Object(Illuminate\Http\Request))
#5 C:\Users\Alvaro\Documents\Proyectos\estadisticas-futbol\vendor\laravel\framework\src\Illuminate\Session\Middleware.php(72): Illuminate\Foundation\Application->handle(Object(Illuminate\Http\Request), 1, true)
#6 C:\Users\Alvaro\Documents\Proyectos\estadisticas-futbol\vendor\laravel\framework\src\Illuminate\Cookie\Queue.php(47): Illuminate\Session\Middleware->handle(Object(Illuminate\Http\Request), 1, true)
#7 C:\Users\Alvaro\Documents\Proyectos\estadisticas-futbol\vendor\laravel\framework\src\Illuminate\Cookie\Guard.php(51): Illuminate\Cookie\Queue->handle(Object(Illuminate\Http\Request), 1, true)
#8 C:\Users\Alvaro\Documents\Proyectos\estadisticas-futbol\vendor\stack\builder\src\Stack\StackedHttpKernel.php(23): Illuminate\Cookie\Guard->handle(Object(Illuminate\Http\Request), 1, true)
#9 C:\Users\Alvaro\Documents\Proyectos\estadisticas-futbol\vendor\laravel\framework\src\Illuminate\Foundation\Application.php(641): Stack\StackedHttpKernel->handle(Object(Illuminate\Http\Request))
#10 C:\Users\Alvaro\Documents\Proyectos\estadisticas-futbol\public\index.php(49): Illuminate\Foundation\Application->run()
#11 {main} [] []
[2015-05-20 15:27:02] local.ERROR: exception 'Symfony\Component\HttpKernel\Exception\NotFoundHttpException' in C:\Users\Alvaro\Documents\Proyectos\estadisticas-futbol\vendor\laravel\framework\src\Illuminate\Routing\RouteCollection.php:148
Stack trace:
#0 C:\Users\Alvaro\Documents\Proyectos\estadisticas-futbol\vendor\laravel\framework\src\Illuminate\Routing\Router.php(1054): Illuminate\Routing\RouteCollection->match(Object(Illuminate\Http\Request))
#1 C:\Users\Alvaro\Documents\Proyectos\estadisticas-futbol\vendor\laravel\framework\src\Illuminate\Routing\Router.php(1022): Illuminate\Routing\Router->findRoute(Object(Illuminate\Http\Request))
#2 C:\Users\Alvaro\Documents\Proyectos\estadisticas-futbol\vendor\laravel\framework\src\Illuminate\Routing\Router.php(1001): Illuminate\Routing\Router->dispatchToRoute(Object(Illuminate\Http\Request))
#3 C:\Users\Alvaro\Documents\Proyectos\estadisticas-futbol\vendor\laravel\framework\src\Illuminate\Foundation\Application.php(775): Illuminate\Routing\Router->dispatch(Object(Illuminate\Http\Request))
#4 C:\Users\Alvaro\Documents\Proyectos\estadisticas-futbol\vendor\laravel\framework\src\Illuminate\Foundation\Application.php(745): Illuminate\Foundation\Application->dispatch(Object(Illuminate\Http\Request))
#5 C:\Users\Alvaro\Documents\Proyectos\estadisticas-futbol\vendor\laravel\framework\src\Illuminate\Session\Middleware.php(72): Illuminate\Foundation\Application->handle(Object(Illuminate\Http\Request), 1, true)
#6 C:\Users\Alvaro\Documents\Proyectos\estadisticas-futbol\vendor\laravel\framework\src\Illuminate\Cookie\Queue.php(47): Illuminate\Session\Middleware->handle(Object(Illuminate\Http\Request), 1, true)
#7 C:\Users\Alvaro\Documents\Proyectos\estadisticas-futbol\vendor\laravel\framework\src\Illuminate\Cookie\Guard.php(51): Illuminate\Cookie\Queue->handle(Object(Illuminate\Http\Request), 1, true)
#8 C:\Users\Alvaro\Documents\Proyectos\estadisticas-futbol\vendor\stack\builder\src\Stack\StackedHttpKernel.php(23): Illuminate\Cookie\Guard->handle(Object(Illuminate\Http\Request), 1, true)
#9 C:\Users\Alvaro\Documents\Proyectos\estadisticas-futbol\vendor\laravel\framework\src\Illuminate\Foundation\Application.php(641): Stack\StackedHttpKernel->handle(Object(Illuminate\Http\Request))
#10 C:\Users\Alvaro\Documents\Proyectos\estadisticas-futbol\public\index.php(49): Illuminate\Foundation\Application->run()
#11 {main} [] []
[2015-05-20 15:27:02] local.ERROR: exception 'Symfony\Component\HttpKernel\Exception\NotFoundHttpException' in C:\Users\Alvaro\Documents\Proyectos\estadisticas-futbol\vendor\laravel\framework\src\Illuminate\Routing\RouteCollection.php:148
Stack trace:
#0 C:\Users\Alvaro\Documents\Proyectos\estadisticas-futbol\vendor\laravel\framework\src\Illuminate\Routing\Router.php(1054): Illuminate\Routing\RouteCollection->match(Object(Illuminate\Http\Request))
#1 C:\Users\Alvaro\Documents\Proyectos\estadisticas-futbol\vendor\laravel\framework\src\Illuminate\Routing\Router.php(1022): Illuminate\Routing\Router->findRoute(Object(Illuminate\Http\Request))
#2 C:\Users\Alvaro\Documents\Proyectos\estadisticas-futbol\vendor\laravel\framework\src\Illuminate\Routing\Router.php(1001): Illuminate\Routing\Router->dispatchToRoute(Object(Illuminate\Http\Request))
#3 C:\Users\Alvaro\Documents\Proyectos\estadisticas-futbol\vendor\laravel\framework\src\Illuminate\Foundation\Application.php(775): Illuminate\Routing\Router->dispatch(Object(Illuminate\Http\Request))
#4 C:\Users\Alvaro\Documents\Proyectos\estadisticas-futbol\vendor\laravel\framework\src\Illuminate\Foundation\Application.php(745): Illuminate\Foundation\Application->dispatch(Object(Illuminate\Http\Request))
#5 C:\Users\Alvaro\Documents\Proyectos\estadisticas-futbol\vendor\laravel\framework\src\Illuminate\Session\Middleware.php(72): Illuminate\Foundation\Application->handle(Object(Illuminate\Http\Request), 1, true)
#6 C:\Users\Alvaro\Documents\Proyectos\estadisticas-futbol\vendor\laravel\framework\src\Illuminate\Cookie\Queue.php(47): Illuminate\Session\Middleware->handle(Object(Illuminate\Http\Request), 1, true)
#7 C:\Users\Alvaro\Documents\Proyectos\estadisticas-futbol\vendor\laravel\framework\src\Illuminate\Cookie\Guard.php(51): Illuminate\Cookie\Queue->handle(Object(Illuminate\Http\Request), 1, true)
#8 C:\Users\Alvaro\Documents\Proyectos\estadisticas-futbol\vendor\stack\builder\src\Stack\StackedHttpKernel.php(23): Illuminate\Cookie\Guard->handle(Object(Illuminate\Http\Request), 1, true)
#9 C:\Users\Alvaro\Documents\Proyectos\estadisticas-futbol\vendor\laravel\framework\src\Illuminate\Foundation\Application.php(641): Stack\StackedHttpKernel->handle(Object(Illuminate\Http\Request))
#10 C:\Users\Alvaro\Documents\Proyectos\estadisticas-futbol\public\index.php(49): Illuminate\Foundation\Application->run()
#11 {main} [] []
[2015-05-20 15:27:28] local.ERROR: exception 'Symfony\Component\HttpKernel\Exception\NotFoundHttpException' in C:\Users\Alvaro\Documents\Proyectos\estadisticas-futbol\vendor\laravel\framework\src\Illuminate\Routing\RouteCollection.php:148
Stack trace:
#0 C:\Users\Alvaro\Documents\Proyectos\estadisticas-futbol\vendor\laravel\framework\src\Illuminate\Routing\Router.php(1054): Illuminate\Routing\RouteCollection->match(Object(Illuminate\Http\Request))
#1 C:\Users\Alvaro\Documents\Proyectos\estadisticas-futbol\vendor\laravel\framework\src\Illuminate\Routing\Router.php(1022): Illuminate\Routing\Router->findRoute(Object(Illuminate\Http\Request))
#2 C:\Users\Alvaro\Documents\Proyectos\estadisticas-futbol\vendor\laravel\framework\src\Illuminate\Routing\Router.php(1001): Illuminate\Routing\Router->dispatchToRoute(Object(Illuminate\Http\Request))
#3 C:\Users\Alvaro\Documents\Proyectos\estadisticas-futbol\vendor\laravel\framework\src\Illuminate\Foundation\Application.php(775): Illuminate\Routing\Router->dispatch(Object(Illuminate\Http\Request))
#4 C:\Users\Alvaro\Documents\Proyectos\estadisticas-futbol\vendor\laravel\framework\src\Illuminate\Foundation\Application.php(745): Illuminate\Foundation\Application->dispatch(Object(Illuminate\Http\Request))
#5 C:\Users\Alvaro\Documents\Proyectos\estadisticas-futbol\vendor\laravel\framework\src\Illuminate\Session\Middleware.php(72): Illuminate\Foundation\Application->handle(Object(Illuminate\Http\Request), 1, true)
#6 C:\Users\Alvaro\Documents\Proyectos\estadisticas-futbol\vendor\laravel\framework\src\Illuminate\Cookie\Queue.php(47): Illuminate\Session\Middleware->handle(Object(Illuminate\Http\Request), 1, true)
#7 C:\Users\Alvaro\Documents\Proyectos\estadisticas-futbol\vendor\laravel\framework\src\Illuminate\Cookie\Guard.php(51): Illuminate\Cookie\Queue->handle(Object(Illuminate\Http\Request), 1, true)
#8 C:\Users\Alvaro\Documents\Proyectos\estadisticas-futbol\vendor\stack\builder\src\Stack\StackedHttpKernel.php(23): Illuminate\Cookie\Guard->handle(Object(Illuminate\Http\Request), 1, true)
#9 C:\Users\Alvaro\Documents\Proyectos\estadisticas-futbol\vendor\laravel\framework\src\Illuminate\Foundation\Application.php(641): Stack\StackedHttpKernel->handle(Object(Illuminate\Http\Request))
#10 C:\Users\Alvaro\Documents\Proyectos\estadisticas-futbol\public\index.php(49): Illuminate\Foundation\Application->run()
#11 {main} [] []
[2015-05-20 15:27:34] local.ERROR: exception 'Symfony\Component\HttpKernel\Exception\NotFoundHttpException' in C:\Users\Alvaro\Documents\Proyectos\estadisticas-futbol\vendor\laravel\framework\src\Illuminate\Routing\RouteCollection.php:148
Stack trace:
#0 C:\Users\Alvaro\Documents\Proyectos\estadisticas-futbol\vendor\laravel\framework\src\Illuminate\Routing\Router.php(1054): Illuminate\Routing\RouteCollection->match(Object(Illuminate\Http\Request))
#1 C:\Users\Alvaro\Documents\Proyectos\estadisticas-futbol\vendor\laravel\framework\src\Illuminate\Routing\Router.php(1022): Illuminate\Routing\Router->findRoute(Object(Illuminate\Http\Request))
#2 C:\Users\Alvaro\Documents\Proyectos\estadisticas-futbol\vendor\laravel\framework\src\Illuminate\Routing\Router.php(1001): Illuminate\Routing\Router->dispatchToRoute(Object(Illuminate\Http\Request))
#3 C:\Users\Alvaro\Documents\Proyectos\estadisticas-futbol\vendor\laravel\framework\src\Illuminate\Foundation\Application.php(775): Illuminate\Routing\Router->dispatch(Object(Illuminate\Http\Request))
#4 C:\Users\Alvaro\Documents\Proyectos\estadisticas-futbol\vendor\laravel\framework\src\Illuminate\Foundation\Application.php(745): Illuminate\Foundation\Application->dispatch(Object(Illuminate\Http\Request))
#5 C:\Users\Alvaro\Documents\Proyectos\estadisticas-futbol\vendor\laravel\framework\src\Illuminate\Session\Middleware.php(72): Illuminate\Foundation\Application->handle(Object(Illuminate\Http\Request), 1, true)
#6 C:\Users\Alvaro\Documents\Proyectos\estadisticas-futbol\vendor\laravel\framework\src\Illuminate\Cookie\Queue.php(47): Illuminate\Session\Middleware->handle(Object(Illuminate\Http\Request), 1, true)
#7 C:\Users\Alvaro\Documents\Proyectos\estadisticas-futbol\vendor\laravel\framework\src\Illuminate\Cookie\Guard.php(51): Illuminate\Cookie\Queue->handle(Object(Illuminate\Http\Request), 1, true)
#8 C:\Users\Alvaro\Documents\Proyectos\estadisticas-futbol\vendor\stack\builder\src\Stack\StackedHttpKernel.php(23): Illuminate\Cookie\Guard->handle(Object(Illuminate\Http\Request), 1, true)
#9 C:\Users\Alvaro\Documents\Proyectos\estadisticas-futbol\vendor\laravel\framework\src\Illuminate\Foundation\Application.php(641): Stack\StackedHttpKernel->handle(Object(Illuminate\Http\Request))
#10 C:\Users\Alvaro\Documents\Proyectos\estadisticas-futbol\public\index.php(49): Illuminate\Foundation\Application->run()
#11 {main} [] []
[2015-05-20 15:27:35] local.ERROR: exception 'Symfony\Component\HttpKernel\Exception\NotFoundHttpException' in C:\Users\Alvaro\Documents\Proyectos\estadisticas-futbol\vendor\laravel\framework\src\Illuminate\Routing\RouteCollection.php:148
Stack trace:
#0 C:\Users\Alvaro\Documents\Proyectos\estadisticas-futbol\vendor\laravel\framework\src\Illuminate\Routing\Router.php(1054): Illuminate\Routing\RouteCollection->match(Object(Illuminate\Http\Request))
#1 C:\Users\Alvaro\Documents\Proyectos\estadisticas-futbol\vendor\laravel\framework\src\Illuminate\Routing\Router.php(1022): Illuminate\Routing\Router->findRoute(Object(Illuminate\Http\Request))
#2 C:\Users\Alvaro\Documents\Proyectos\estadisticas-futbol\vendor\laravel\framework\src\Illuminate\Routing\Router.php(1001): Illuminate\Routing\Router->dispatchToRoute(Object(Illuminate\Http\Request))
#3 C:\Users\Alvaro\Documents\Proyectos\estadisticas-futbol\vendor\laravel\framework\src\Illuminate\Foundation\Application.php(775): Illuminate\Routing\Router->dispatch(Object(Illuminate\Http\Request))
#4 C:\Users\Alvaro\Documents\Proyectos\estadisticas-futbol\vendor\laravel\framework\src\Illuminate\Foundation\Application.php(745): Illuminate\Foundation\Application->dispatch(Object(Illuminate\Http\Request))
#5 C:\Users\Alvaro\Documents\Proyectos\estadisticas-futbol\vendor\laravel\framework\src\Illuminate\Session\Middleware.php(72): Illuminate\Foundation\Application->handle(Object(Illuminate\Http\Request), 1, true)
#6 C:\Users\Alvaro\Documents\Proyectos\estadisticas-futbol\vendor\laravel\framework\src\Illuminate\Cookie\Queue.php(47): Illuminate\Session\Middleware->handle(Object(Illuminate\Http\Request), 1, true)
#7 C:\Users\Alvaro\Documents\Proyectos\estadisticas-futbol\vendor\laravel\framework\src\Illuminate\Cookie\Guard.php(51): Illuminate\Cookie\Queue->handle(Object(Illuminate\Http\Request), 1, true)
#8 C:\Users\Alvaro\Documents\Proyectos\estadisticas-futbol\vendor\stack\builder\src\Stack\StackedHttpKernel.php(23): Illuminate\Cookie\Guard->handle(Object(Illuminate\Http\Request), 1, true)
#9 C:\Users\Alvaro\Documents\Proyectos\estadisticas-futbol\vendor\laravel\framework\src\Illuminate\Foundation\Application.php(641): Stack\StackedHttpKernel->handle(Object(Illuminate\Http\Request))
#10 C:\Users\Alvaro\Documents\Proyectos\estadisticas-futbol\public\index.php(49): Illuminate\Foundation\Application->run()
#11 {main} [] []
[2015-05-20 15:28:01] local.ERROR: exception 'Symfony\Component\HttpKernel\Exception\NotFoundHttpException' in C:\Users\Alvaro\Documents\Proyectos\estadisticas-futbol\vendor\laravel\framework\src\Illuminate\Routing\RouteCollection.php:148
Stack trace:
#0 C:\Users\Alvaro\Documents\Proyectos\estadisticas-futbol\vendor\laravel\framework\src\Illuminate\Routing\Router.php(1054): Illuminate\Routing\RouteCollection->match(Object(Illuminate\Http\Request))
#1 C:\Users\Alvaro\Documents\Proyectos\estadisticas-futbol\vendor\laravel\framework\src\Illuminate\Routing\Router.php(1022): Illuminate\Routing\Router->findRoute(Object(Illuminate\Http\Request))
#2 C:\Users\Alvaro\Documents\Proyectos\estadisticas-futbol\vendor\laravel\framework\src\Illuminate\Routing\Router.php(1001): Illuminate\Routing\Router->dispatchToRoute(Object(Illuminate\Http\Request))
#3 C:\Users\Alvaro\Documents\Proyectos\estadisticas-futbol\vendor\laravel\framework\src\Illuminate\Foundation\Application.php(775): Illuminate\Routing\Router->dispatch(Object(Illuminate\Http\Request))
#4 C:\Users\Alvaro\Documents\Proyectos\estadisticas-futbol\vendor\laravel\framework\src\Illuminate\Foundation\Application.php(745): Illuminate\Foundation\Application->dispatch(Object(Illuminate\Http\Request))
#5 C:\Users\Alvaro\Documents\Proyectos\estadisticas-futbol\vendor\laravel\framework\src\Illuminate\Session\Middleware.php(72): Illuminate\Foundation\Application->handle(Object(Illuminate\Http\Request), 1, true)
#6 C:\Users\Alvaro\Documents\Proyectos\estadisticas-futbol\vendor\laravel\framework\src\Illuminate\Cookie\Queue.php(47): Illuminate\Session\Middleware->handle(Object(Illuminate\Http\Request), 1, true)
#7 C:\Users\Alvaro\Documents\Proyectos\estadisticas-futbol\vendor\laravel\framework\src\Illuminate\Cookie\Guard.php(51): Illuminate\Cookie\Queue->handle(Object(Illuminate\Http\Request), 1, true)
#8 C:\Users\Alvaro\Documents\Proyectos\estadisticas-futbol\vendor\stack\builder\src\Stack\StackedHttpKernel.php(23): Illuminate\Cookie\Guard->handle(Object(Illuminate\Http\Request), 1, true)
#9 C:\Users\Alvaro\Documents\Proyectos\estadisticas-futbol\vendor\laravel\framework\src\Illuminate\Foundation\Application.php(641): Stack\StackedHttpKernel->handle(Object(Illuminate\Http\Request))
#10 C:\Users\Alvaro\Documents\Proyectos\estadisticas-futbol\public\index.php(49): Illuminate\Foundation\Application->run()
#11 {main} [] []
[2015-05-20 15:28:06] local.ERROR: exception 'Symfony\Component\HttpKernel\Exception\NotFoundHttpException' in C:\Users\Alvaro\Documents\Proyectos\estadisticas-futbol\vendor\laravel\framework\src\Illuminate\Routing\RouteCollection.php:148
Stack trace:
#0 C:\Users\Alvaro\Documents\Proyectos\estadisticas-futbol\vendor\laravel\framework\src\Illuminate\Routing\Router.php(1054): Illuminate\Routing\RouteCollection->match(Object(Illuminate\Http\Request))
#1 C:\Users\Alvaro\Documents\Proyectos\estadisticas-futbol\vendor\laravel\framework\src\Illuminate\Routing\Router.php(1022): Illuminate\Routing\Router->findRoute(Object(Illuminate\Http\Request))
#2 C:\Users\Alvaro\Documents\Proyectos\estadisticas-futbol\vendor\laravel\framework\src\Illuminate\Routing\Router.php(1001): Illuminate\Routing\Router->dispatchToRoute(Object(Illuminate\Http\Request))
#3 C:\Users\Alvaro\Documents\Proyectos\estadisticas-futbol\vendor\laravel\framework\src\Illuminate\Foundation\Application.php(775): Illuminate\Routing\Router->dispatch(Object(Illuminate\Http\Request))
#4 C:\Users\Alvaro\Documents\Proyectos\estadisticas-futbol\vendor\laravel\framework\src\Illuminate\Foundation\Application.php(745): Illuminate\Foundation\Application->dispatch(Object(Illuminate\Http\Request))
#5 C:\Users\Alvaro\Documents\Proyectos\estadisticas-futbol\vendor\laravel\framework\src\Illuminate\Session\Middleware.php(72): Illuminate\Foundation\Application->handle(Object(Illuminate\Http\Request), 1, true)
#6 C:\Users\Alvaro\Documents\Proyectos\estadisticas-futbol\vendor\laravel\framework\src\Illuminate\Cookie\Queue.php(47): Illuminate\Session\Middleware->handle(Object(Illuminate\Http\Request), 1, true)
#7 C:\Users\Alvaro\Documents\Proyectos\estadisticas-futbol\vendor\laravel\framework\src\Illuminate\Cookie\Guard.php(51): Illuminate\Cookie\Queue->handle(Object(Illuminate\Http\Request), 1, true)
#8 C:\Users\Alvaro\Documents\Proyectos\estadisticas-futbol\vendor\stack\builder\src\Stack\StackedHttpKernel.php(23): Illuminate\Cookie\Guard->handle(Object(Illuminate\Http\Request), 1, true)
#9 C:\Users\Alvaro\Documents\Proyectos\estadisticas-futbol\vendor\laravel\framework\src\Illuminate\Foundation\Application.php(641): Stack\StackedHttpKernel->handle(Object(Illuminate\Http\Request))
#10 C:\Users\Alvaro\Documents\Proyectos\estadisticas-futbol\public\index.php(49): Illuminate\Foundation\Application->run()
#11 {main} [] []
[2015-05-20 15:28:06] local.ERROR: exception 'Symfony\Component\HttpKernel\Exception\NotFoundHttpException' in C:\Users\Alvaro\Documents\Proyectos\estadisticas-futbol\vendor\laravel\framework\src\Illuminate\Routing\RouteCollection.php:148
Stack trace:
#0 C:\Users\Alvaro\Documents\Proyectos\estadisticas-futbol\vendor\laravel\framework\src\Illuminate\Routing\Router.php(1054): Illuminate\Routing\RouteCollection->match(Object(Illuminate\Http\Request))
#1 C:\Users\Alvaro\Documents\Proyectos\estadisticas-futbol\vendor\laravel\framework\src\Illuminate\Routing\Router.php(1022): Illuminate\Routing\Router->findRoute(Object(Illuminate\Http\Request))
#2 C:\Users\Alvaro\Documents\Proyectos\estadisticas-futbol\vendor\laravel\framework\src\Illuminate\Routing\Router.php(1001): Illuminate\Routing\Router->dispatchToRoute(Object(Illuminate\Http\Request))
#3 C:\Users\Alvaro\Documents\Proyectos\estadisticas-futbol\vendor\laravel\framework\src\Illuminate\Foundation\Application.php(775): Illuminate\Routing\Router->dispatch(Object(Illuminate\Http\Request))
#4 C:\Users\Alvaro\Documents\Proyectos\estadisticas-futbol\vendor\laravel\framework\src\Illuminate\Foundation\Application.php(745): Illuminate\Foundation\Application->dispatch(Object(Illuminate\Http\Request))
#5 C:\Users\Alvaro\Documents\Proyectos\estadisticas-futbol\vendor\laravel\framework\src\Illuminate\Session\Middleware.php(72): Illuminate\Foundation\Application->handle(Object(Illuminate\Http\Request), 1, true)
#6 C:\Users\Alvaro\Documents\Proyectos\estadisticas-futbol\vendor\laravel\framework\src\Illuminate\Cookie\Queue.php(47): Illuminate\Session\Middleware->handle(Object(Illuminate\Http\Request), 1, true)
#7 C:\Users\Alvaro\Documents\Proyectos\estadisticas-futbol\vendor\laravel\framework\src\Illuminate\Cookie\Guard.php(51): Illuminate\Cookie\Queue->handle(Object(Illuminate\Http\Request), 1, true)
#8 C:\Users\Alvaro\Documents\Proyectos\estadisticas-futbol\vendor\stack\builder\src\Stack\StackedHttpKernel.php(23): Illuminate\Cookie\Guard->handle(Object(Illuminate\Http\Request), 1, true)
#9 C:\Users\Alvaro\Documents\Proyectos\estadisticas-futbol\vendor\laravel\framework\src\Illuminate\Foundation\Application.php(641): Stack\StackedHttpKernel->handle(Object(Illuminate\Http\Request))
#10 C:\Users\Alvaro\Documents\Proyectos\estadisticas-futbol\public\index.php(49): Illuminate\Foundation\Application->run()
#11 {main} [] []
[2015-05-20 15:28:37] local.ERROR: exception 'Symfony\Component\HttpKernel\Exception\NotFoundHttpException' in C:\Users\Alvaro\Documents\Proyectos\estadisticas-futbol\vendor\laravel\framework\src\Illuminate\Routing\RouteCollection.php:148
Stack trace:
#0 C:\Users\Alvaro\Documents\Proyectos\estadisticas-futbol\vendor\laravel\framework\src\Illuminate\Routing\Router.php(1054): Illuminate\Routing\RouteCollection->match(Object(Illuminate\Http\Request))
#1 C:\Users\Alvaro\Documents\Proyectos\estadisticas-futbol\vendor\laravel\framework\src\Illuminate\Routing\Router.php(1022): Illuminate\Routing\Router->findRoute(Object(Illuminate\Http\Request))
#2 C:\Users\Alvaro\Documents\Proyectos\estadisticas-futbol\vendor\laravel\framework\src\Illuminate\Routing\Router.php(1001): Illuminate\Routing\Router->dispatchToRoute(Object(Illuminate\Http\Request))
#3 C:\Users\Alvaro\Documents\Proyectos\estadisticas-futbol\vendor\laravel\framework\src\Illuminate\Foundation\Application.php(775): Illuminate\Routing\Router->dispatch(Object(Illuminate\Http\Request))
#4 C:\Users\Alvaro\Documents\Proyectos\estadisticas-futbol\vendor\laravel\framework\src\Illuminate\Foundation\Application.php(745): Illuminate\Foundation\Application->dispatch(Object(Illuminate\Http\Request))
#5 C:\Users\Alvaro\Documents\Proyectos\estadisticas-futbol\vendor\laravel\framework\src\Illuminate\Session\Middleware.php(72): Illuminate\Foundation\Application->handle(Object(Illuminate\Http\Request), 1, true)
#6 C:\Users\Alvaro\Documents\Proyectos\estadisticas-futbol\vendor\laravel\framework\src\Illuminate\Cookie\Queue.php(47): Illuminate\Session\Middleware->handle(Object(Illuminate\Http\Request), 1, true)
#7 C:\Users\Alvaro\Documents\Proyectos\estadisticas-futbol\vendor\laravel\framework\src\Illuminate\Cookie\Guard.php(51): Illuminate\Cookie\Queue->handle(Object(Illuminate\Http\Request), 1, true)
#8 C:\Users\Alvaro\Documents\Proyectos\estadisticas-futbol\vendor\stack\builder\src\Stack\StackedHttpKernel.php(23): Illuminate\Cookie\Guard->handle(Object(Illuminate\Http\Request), 1, true)
#9 C:\Users\Alvaro\Documents\Proyectos\estadisticas-futbol\vendor\laravel\framework\src\Illuminate\Foundation\Application.php(641): Stack\StackedHttpKernel->handle(Object(Illuminate\Http\Request))
#10 C:\Users\Alvaro\Documents\Proyectos\estadisticas-futbol\public\index.php(49): Illuminate\Foundation\Application->run()
#11 {main} [] []
[2015-05-20 15:28:37] local.ERROR: exception 'Symfony\Component\HttpKernel\Exception\NotFoundHttpException' in C:\Users\Alvaro\Documents\Proyectos\estadisticas-futbol\vendor\laravel\framework\src\Illuminate\Routing\RouteCollection.php:148
Stack trace:
#0 C:\Users\Alvaro\Documents\Proyectos\estadisticas-futbol\vendor\laravel\framework\src\Illuminate\Routing\Router.php(1054): Illuminate\Routing\RouteCollection->match(Object(Illuminate\Http\Request))
#1 C:\Users\Alvaro\Documents\Proyectos\estadisticas-futbol\vendor\laravel\framework\src\Illuminate\Routing\Router.php(1022): Illuminate\Routing\Router->findRoute(Object(Illuminate\Http\Request))
#2 C:\Users\Alvaro\Documents\Proyectos\estadisticas-futbol\vendor\laravel\framework\src\Illuminate\Routing\Router.php(1001): Illuminate\Routing\Router->dispatchToRoute(Object(Illuminate\Http\Request))
#3 C:\Users\Alvaro\Documents\Proyectos\estadisticas-futbol\vendor\laravel\framework\src\Illuminate\Foundation\Application.php(775): Illuminate\Routing\Router->dispatch(Object(Illuminate\Http\Request))
#4 C:\Users\Alvaro\Documents\Proyectos\estadisticas-futbol\vendor\laravel\framework\src\Illuminate\Foundation\Application.php(745): Illuminate\Foundation\Application->dispatch(Object(Illuminate\Http\Request))
#5 C:\Users\Alvaro\Documents\Proyectos\estadisticas-futbol\vendor\laravel\framework\src\Illuminate\Session\Middleware.php(72): Illuminate\Foundation\Application->handle(Object(Illuminate\Http\Request), 1, true)
#6 C:\Users\Alvaro\Documents\Proyectos\estadisticas-futbol\vendor\laravel\framework\src\Illuminate\Cookie\Queue.php(47): Illuminate\Session\Middleware->handle(Object(Illuminate\Http\Request), 1, true)
#7 C:\Users\Alvaro\Documents\Proyectos\estadisticas-futbol\vendor\laravel\framework\src\Illuminate\Cookie\Guard.php(51): Illuminate\Cookie\Queue->handle(Object(Illuminate\Http\Request), 1, true)
#8 C:\Users\Alvaro\Documents\Proyectos\estadisticas-futbol\vendor\stack\builder\src\Stack\StackedHttpKernel.php(23): Illuminate\Cookie\Guard->handle(Object(Illuminate\Http\Request), 1, true)
#9 C:\Users\Alvaro\Documents\Proyectos\estadisticas-futbol\vendor\laravel\framework\src\Illuminate\Foundation\Application.php(641): Stack\StackedHttpKernel->handle(Object(Illuminate\Http\Request))
#10 C:\Users\Alvaro\Documents\Proyectos\estadisticas-futbol\public\index.php(49): Illuminate\Foundation\Application->run()
#11 {main} [] []
[2015-05-20 15:30:43] local.ERROR: exception 'Symfony\Component\HttpKernel\Exception\NotFoundHttpException' in C:\Users\Alvaro\Documents\Proyectos\estadisticas-futbol\vendor\laravel\framework\src\Illuminate\Routing\RouteCollection.php:148
Stack trace:
#0 C:\Users\Alvaro\Documents\Proyectos\estadisticas-futbol\vendor\laravel\framework\src\Illuminate\Routing\Router.php(1054): Illuminate\Routing\RouteCollection->match(Object(Illuminate\Http\Request))
#1 C:\Users\Alvaro\Documents\Proyectos\estadisticas-futbol\vendor\laravel\framework\src\Illuminate\Routing\Router.php(1022): Illuminate\Routing\Router->findRoute(Object(Illuminate\Http\Request))
#2 C:\Users\Alvaro\Documents\Proyectos\estadisticas-futbol\vendor\laravel\framework\src\Illuminate\Routing\Router.php(1001): Illuminate\Routing\Router->dispatchToRoute(Object(Illuminate\Http\Request))
#3 C:\Users\Alvaro\Documents\Proyectos\estadisticas-futbol\vendor\laravel\framework\src\Illuminate\Foundation\Application.php(775): Illuminate\Routing\Router->dispatch(Object(Illuminate\Http\Request))
#4 C:\Users\Alvaro\Documents\Proyectos\estadisticas-futbol\vendor\laravel\framework\src\Illuminate\Foundation\Application.php(745): Illuminate\Foundation\Application->dispatch(Object(Illuminate\Http\Request))
#5 C:\Users\Alvaro\Documents\Proyectos\estadisticas-futbol\vendor\laravel\framework\src\Illuminate\Session\Middleware.php(72): Illuminate\Foundation\Application->handle(Object(Illuminate\Http\Request), 1, true)
#6 C:\Users\Alvaro\Documents\Proyectos\estadisticas-futbol\vendor\laravel\framework\src\Illuminate\Cookie\Queue.php(47): Illuminate\Session\Middleware->handle(Object(Illuminate\Http\Request), 1, true)
#7 C:\Users\Alvaro\Documents\Proyectos\estadisticas-futbol\vendor\laravel\framework\src\Illuminate\Cookie\Guard.php(51): Illuminate\Cookie\Queue->handle(Object(Illuminate\Http\Request), 1, true)
#8 C:\Users\Alvaro\Documents\Proyectos\estadisticas-futbol\vendor\stack\builder\src\Stack\StackedHttpKernel.php(23): Illuminate\Cookie\Guard->handle(Object(Illuminate\Http\Request), 1, true)
#9 C:\Users\Alvaro\Documents\Proyectos\estadisticas-futbol\vendor\laravel\framework\src\Illuminate\Foundation\Application.php(641): Stack\StackedHttpKernel->handle(Object(Illuminate\Http\Request))
#10 C:\Users\Alvaro\Documents\Proyectos\estadisticas-futbol\public\index.php(49): Illuminate\Foundation\Application->run()
#11 {main} [] []
[2015-05-20 15:30:43] local.ERROR: exception 'Symfony\Component\HttpKernel\Exception\NotFoundHttpException' in C:\Users\Alvaro\Documents\Proyectos\estadisticas-futbol\vendor\laravel\framework\src\Illuminate\Routing\RouteCollection.php:148
Stack trace:
#0 C:\Users\Alvaro\Documents\Proyectos\estadisticas-futbol\vendor\laravel\framework\src\Illuminate\Routing\Router.php(1054): Illuminate\Routing\RouteCollection->match(Object(Illuminate\Http\Request))
#1 C:\Users\Alvaro\Documents\Proyectos\estadisticas-futbol\vendor\laravel\framework\src\Illuminate\Routing\Router.php(1022): Illuminate\Routing\Router->findRoute(Object(Illuminate\Http\Request))
#2 C:\Users\Alvaro\Documents\Proyectos\estadisticas-futbol\vendor\laravel\framework\src\Illuminate\Routing\Router.php(1001): Illuminate\Routing\Router->dispatchToRoute(Object(Illuminate\Http\Request))
#3 C:\Users\Alvaro\Documents\Proyectos\estadisticas-futbol\vendor\laravel\framework\src\Illuminate\Foundation\Application.php(775): Illuminate\Routing\Router->dispatch(Object(Illuminate\Http\Request))
#4 C:\Users\Alvaro\Documents\Proyectos\estadisticas-futbol\vendor\laravel\framework\src\Illuminate\Foundation\Application.php(745): Illuminate\Foundation\Application->dispatch(Object(Illuminate\Http\Request))
#5 C:\Users\Alvaro\Documents\Proyectos\estadisticas-futbol\vendor\laravel\framework\src\Illuminate\Session\Middleware.php(72): Illuminate\Foundation\Application->handle(Object(Illuminate\Http\Request), 1, true)
#6 C:\Users\Alvaro\Documents\Proyectos\estadisticas-futbol\vendor\laravel\framework\src\Illuminate\Cookie\Queue.php(47): Illuminate\Session\Middleware->handle(Object(Illuminate\Http\Request), 1, true)
#7 C:\Users\Alvaro\Documents\Proyectos\estadisticas-futbol\vendor\laravel\framework\src\Illuminate\Cookie\Guard.php(51): Illuminate\Cookie\Queue->handle(Object(Illuminate\Http\Request), 1, true)
#8 C:\Users\Alvaro\Documents\Proyectos\estadisticas-futbol\vendor\stack\builder\src\Stack\StackedHttpKernel.php(23): Illuminate\Cookie\Guard->handle(Object(Illuminate\Http\Request), 1, true)
#9 C:\Users\Alvaro\Documents\Proyectos\estadisticas-futbol\vendor\laravel\framework\src\Illuminate\Foundation\Application.php(641): Stack\StackedHttpKernel->handle(Object(Illuminate\Http\Request))
#10 C:\Users\Alvaro\Documents\Proyectos\estadisticas-futbol\public\index.php(49): Illuminate\Foundation\Application->run()
#11 {main} [] []
[2015-05-20 15:43:47] local.ERROR: exception 'Symfony\Component\HttpKernel\Exception\NotFoundHttpException' in C:\Users\Alvaro\Documents\Proyectos\estadisticas-futbol\vendor\laravel\framework\src\Illuminate\Routing\RouteCollection.php:148
Stack trace:
#0 C:\Users\Alvaro\Documents\Proyectos\estadisticas-futbol\vendor\laravel\framework\src\Illuminate\Routing\Router.php(1054): Illuminate\Routing\RouteCollection->match(Object(Illuminate\Http\Request))
#1 C:\Users\Alvaro\Documents\Proyectos\estadisticas-futbol\vendor\laravel\framework\src\Illuminate\Routing\Router.php(1022): Illuminate\Routing\Router->findRoute(Object(Illuminate\Http\Request))
#2 C:\Users\Alvaro\Documents\Proyectos\estadisticas-futbol\vendor\laravel\framework\src\Illuminate\Routing\Router.php(1001): Illuminate\Routing\Router->dispatchToRoute(Object(Illuminate\Http\Request))
#3 C:\Users\Alvaro\Documents\Proyectos\estadisticas-futbol\vendor\laravel\framework\src\Illuminate\Foundation\Application.php(775): Illuminate\Routing\Router->dispatch(Object(Illuminate\Http\Request))
#4 C:\Users\Alvaro\Documents\Proyectos\estadisticas-futbol\vendor\laravel\framework\src\Illuminate\Foundation\Application.php(745): Illuminate\Foundation\Application->dispatch(Object(Illuminate\Http\Request))
#5 C:\Users\Alvaro\Documents\Proyectos\estadisticas-futbol\vendor\laravel\framework\src\Illuminate\Session\Middleware.php(72): Illuminate\Foundation\Application->handle(Object(Illuminate\Http\Request), 1, true)
#6 C:\Users\Alvaro\Documents\Proyectos\estadisticas-futbol\vendor\laravel\framework\src\Illuminate\Cookie\Queue.php(47): Illuminate\Session\Middleware->handle(Object(Illuminate\Http\Request), 1, true)
#7 C:\Users\Alvaro\Documents\Proyectos\estadisticas-futbol\vendor\laravel\framework\src\Illuminate\Cookie\Guard.php(51): Illuminate\Cookie\Queue->handle(Object(Illuminate\Http\Request), 1, true)
#8 C:\Users\Alvaro\Documents\Proyectos\estadisticas-futbol\vendor\stack\builder\src\Stack\StackedHttpKernel.php(23): Illuminate\Cookie\Guard->handle(Object(Illuminate\Http\Request), 1, true)
#9 C:\Users\Alvaro\Documents\Proyectos\estadisticas-futbol\vendor\laravel\framework\src\Illuminate\Foundation\Application.php(641): Stack\StackedHttpKernel->handle(Object(Illuminate\Http\Request))
#10 C:\Users\Alvaro\Documents\Proyectos\estadisticas-futbol\public\index.php(49): Illuminate\Foundation\Application->run()
#11 {main} [] []
[2015-05-20 15:43:47] local.ERROR: exception 'Symfony\Component\HttpKernel\Exception\NotFoundHttpException' in C:\Users\Alvaro\Documents\Proyectos\estadisticas-futbol\vendor\laravel\framework\src\Illuminate\Routing\RouteCollection.php:148
Stack trace:
#0 C:\Users\Alvaro\Documents\Proyectos\estadisticas-futbol\vendor\laravel\framework\src\Illuminate\Routing\Router.php(1054): Illuminate\Routing\RouteCollection->match(Object(Illuminate\Http\Request))
#1 C:\Users\Alvaro\Documents\Proyectos\estadisticas-futbol\vendor\laravel\framework\src\Illuminate\Routing\Router.php(1022): Illuminate\Routing\Router->findRoute(Object(Illuminate\Http\Request))
#2 C:\Users\Alvaro\Documents\Proyectos\estadisticas-futbol\vendor\laravel\framework\src\Illuminate\Routing\Router.php(1001): Illuminate\Routing\Router->dispatchToRoute(Object(Illuminate\Http\Request))
#3 C:\Users\Alvaro\Documents\Proyectos\estadisticas-futbol\vendor\laravel\framework\src\Illuminate\Foundation\Application.php(775): Illuminate\Routing\Router->dispatch(Object(Illuminate\Http\Request))
#4 C:\Users\Alvaro\Documents\Proyectos\estadisticas-futbol\vendor\laravel\framework\src\Illuminate\Foundation\Application.php(745): Illuminate\Foundation\Application->dispatch(Object(Illuminate\Http\Request))
#5 C:\Users\Alvaro\Documents\Proyectos\estadisticas-futbol\vendor\laravel\framework\src\Illuminate\Session\Middleware.php(72): Illuminate\Foundation\Application->handle(Object(Illuminate\Http\Request), 1, true)
#6 C:\Users\Alvaro\Documents\Proyectos\estadisticas-futbol\vendor\laravel\framework\src\Illuminate\Cookie\Queue.php(47): Illuminate\Session\Middleware->handle(Object(Illuminate\Http\Request), 1, true)
#7 C:\Users\Alvaro\Documents\Proyectos\estadisticas-futbol\vendor\laravel\framework\src\Illuminate\Cookie\Guard.php(51): Illuminate\Cookie\Queue->handle(Object(Illuminate\Http\Request), 1, true)
#8 C:\Users\Alvaro\Documents\Proyectos\estadisticas-futbol\vendor\stack\builder\src\Stack\StackedHttpKernel.php(23): Illuminate\Cookie\Guard->handle(Object(Illuminate\Http\Request), 1, true)
#9 C:\Users\Alvaro\Documents\Proyectos\estadisticas-futbol\vendor\laravel\framework\src\Illuminate\Foundation\Application.php(641): Stack\StackedHttpKernel->handle(Object(Illuminate\Http\Request))
#10 C:\Users\Alvaro\Documents\Proyectos\estadisticas-futbol\public\index.php(49): Illuminate\Foundation\Application->run()
#11 {main} [] []
[2015-05-20 15:44:26] local.ERROR: exception 'Symfony\Component\HttpKernel\Exception\NotFoundHttpException' in C:\Users\Alvaro\Documents\Proyectos\estadisticas-futbol\vendor\laravel\framework\src\Illuminate\Routing\RouteCollection.php:148
Stack trace:
#0 C:\Users\Alvaro\Documents\Proyectos\estadisticas-futbol\vendor\laravel\framework\src\Illuminate\Routing\Router.php(1054): Illuminate\Routing\RouteCollection->match(Object(Illuminate\Http\Request))
#1 C:\Users\Alvaro\Documents\Proyectos\estadisticas-futbol\vendor\laravel\framework\src\Illuminate\Routing\Router.php(1022): Illuminate\Routing\Router->findRoute(Object(Illuminate\Http\Request))
#2 C:\Users\Alvaro\Documents\Proyectos\estadisticas-futbol\vendor\laravel\framework\src\Illuminate\Routing\Router.php(1001): Illuminate\Routing\Router->dispatchToRoute(Object(Illuminate\Http\Request))
#3 C:\Users\Alvaro\Documents\Proyectos\estadisticas-futbol\vendor\laravel\framework\src\Illuminate\Foundation\Application.php(775): Illuminate\Routing\Router->dispatch(Object(Illuminate\Http\Request))
#4 C:\Users\Alvaro\Documents\Proyectos\estadisticas-futbol\vendor\laravel\framework\src\Illuminate\Foundation\Application.php(745): Illuminate\Foundation\Application->dispatch(Object(Illuminate\Http\Request))
#5 C:\Users\Alvaro\Documents\Proyectos\estadisticas-futbol\vendor\laravel\framework\src\Illuminate\Session\Middleware.php(72): Illuminate\Foundation\Application->handle(Object(Illuminate\Http\Request), 1, true)
#6 C:\Users\Alvaro\Documents\Proyectos\estadisticas-futbol\vendor\laravel\framework\src\Illuminate\Cookie\Queue.php(47): Illuminate\Session\Middleware->handle(Object(Illuminate\Http\Request), 1, true)
#7 C:\Users\Alvaro\Documents\Proyectos\estadisticas-futbol\vendor\laravel\framework\src\Illuminate\Cookie\Guard.php(51): Illuminate\Cookie\Queue->handle(Object(Illuminate\Http\Request), 1, true)
#8 C:\Users\Alvaro\Documents\Proyectos\estadisticas-futbol\vendor\stack\builder\src\Stack\StackedHttpKernel.php(23): Illuminate\Cookie\Guard->handle(Object(Illuminate\Http\Request), 1, true)
#9 C:\Users\Alvaro\Documents\Proyectos\estadisticas-futbol\vendor\laravel\framework\src\Illuminate\Foundation\Application.php(641): Stack\StackedHttpKernel->handle(Object(Illuminate\Http\Request))
#10 C:\Users\Alvaro\Documents\Proyectos\estadisticas-futbol\public\index.php(49): Illuminate\Foundation\Application->run()
#11 {main} [] []
[2015-05-20 15:44:26] local.ERROR: exception 'Symfony\Component\HttpKernel\Exception\NotFoundHttpException' in C:\Users\Alvaro\Documents\Proyectos\estadisticas-futbol\vendor\laravel\framework\src\Illuminate\Routing\RouteCollection.php:148
Stack trace:
#0 C:\Users\Alvaro\Documents\Proyectos\estadisticas-futbol\vendor\laravel\framework\src\Illuminate\Routing\Router.php(1054): Illuminate\Routing\RouteCollection->match(Object(Illuminate\Http\Request))
#1 C:\Users\Alvaro\Documents\Proyectos\estadisticas-futbol\vendor\laravel\framework\src\Illuminate\Routing\Router.php(1022): Illuminate\Routing\Router->findRoute(Object(Illuminate\Http\Request))
#2 C:\Users\Alvaro\Documents\Proyectos\estadisticas-futbol\vendor\laravel\framework\src\Illuminate\Routing\Router.php(1001): Illuminate\Routing\Router->dispatchToRoute(Object(Illuminate\Http\Request))
#3 C:\Users\Alvaro\Documents\Proyectos\estadisticas-futbol\vendor\laravel\framework\src\Illuminate\Foundation\Application.php(775): Illuminate\Routing\Router->dispatch(Object(Illuminate\Http\Request))
#4 C:\Users\Alvaro\Documents\Proyectos\estadisticas-futbol\vendor\laravel\framework\src\Illuminate\Foundation\Application.php(745): Illuminate\Foundation\Application->dispatch(Object(Illuminate\Http\Request))
#5 C:\Users\Alvaro\Documents\Proyectos\estadisticas-futbol\vendor\laravel\framework\src\Illuminate\Session\Middleware.php(72): Illuminate\Foundation\Application->handle(Object(Illuminate\Http\Request), 1, true)
#6 C:\Users\Alvaro\Documents\Proyectos\estadisticas-futbol\vendor\laravel\framework\src\Illuminate\Cookie\Queue.php(47): Illuminate\Session\Middleware->handle(Object(Illuminate\Http\Request), 1, true)
#7 C:\Users\Alvaro\Documents\Proyectos\estadisticas-futbol\vendor\laravel\framework\src\Illuminate\Cookie\Guard.php(51): Illuminate\Cookie\Queue->handle(Object(Illuminate\Http\Request), 1, true)
#8 C:\Users\Alvaro\Documents\Proyectos\estadisticas-futbol\vendor\stack\builder\src\Stack\StackedHttpKernel.php(23): Illuminate\Cookie\Guard->handle(Object(Illuminate\Http\Request), 1, true)
#9 C:\Users\Alvaro\Documents\Proyectos\estadisticas-futbol\vendor\laravel\framework\src\Illuminate\Foundation\Application.php(641): Stack\StackedHttpKernel->handle(Object(Illuminate\Http\Request))
#10 C:\Users\Alvaro\Documents\Proyectos\estadisticas-futbol\public\index.php(49): Illuminate\Foundation\Application->run()
#11 {main} [] []
[2015-05-20 15:55:13] local.ERROR: exception 'Symfony\Component\HttpKernel\Exception\NotFoundHttpException' in C:\Users\Alvaro\Documents\Proyectos\estadisticas-futbol\vendor\laravel\framework\src\Illuminate\Routing\RouteCollection.php:148
Stack trace:
#0 C:\Users\Alvaro\Documents\Proyectos\estadisticas-futbol\vendor\laravel\framework\src\Illuminate\Routing\Router.php(1054): Illuminate\Routing\RouteCollection->match(Object(Illuminate\Http\Request))
#1 C:\Users\Alvaro\Documents\Proyectos\estadisticas-futbol\vendor\laravel\framework\src\Illuminate\Routing\Router.php(1022): Illuminate\Routing\Router->findRoute(Object(Illuminate\Http\Request))
#2 C:\Users\Alvaro\Documents\Proyectos\estadisticas-futbol\vendor\laravel\framework\src\Illuminate\Routing\Router.php(1001): Illuminate\Routing\Router->dispatchToRoute(Object(Illuminate\Http\Request))
#3 C:\Users\Alvaro\Documents\Proyectos\estadisticas-futbol\vendor\laravel\framework\src\Illuminate\Foundation\Application.php(775): Illuminate\Routing\Router->dispatch(Object(Illuminate\Http\Request))
#4 C:\Users\Alvaro\Documents\Proyectos\estadisticas-futbol\vendor\laravel\framework\src\Illuminate\Foundation\Application.php(745): Illuminate\Foundation\Application->dispatch(Object(Illuminate\Http\Request))
#5 C:\Users\Alvaro\Documents\Proyectos\estadisticas-futbol\vendor\laravel\framework\src\Illuminate\Session\Middleware.php(72): Illuminate\Foundation\Application->handle(Object(Illuminate\Http\Request), 1, true)
#6 C:\Users\Alvaro\Documents\Proyectos\estadisticas-futbol\vendor\laravel\framework\src\Illuminate\Cookie\Queue.php(47): Illuminate\Session\Middleware->handle(Object(Illuminate\Http\Request), 1, true)
#7 C:\Users\Alvaro\Documents\Proyectos\estadisticas-futbol\vendor\laravel\framework\src\Illuminate\Cookie\Guard.php(51): Illuminate\Cookie\Queue->handle(Object(Illuminate\Http\Request), 1, true)
#8 C:\Users\Alvaro\Documents\Proyectos\estadisticas-futbol\vendor\stack\builder\src\Stack\StackedHttpKernel.php(23): Illuminate\Cookie\Guard->handle(Object(Illuminate\Http\Request), 1, true)
#9 C:\Users\Alvaro\Documents\Proyectos\estadisticas-futbol\vendor\laravel\framework\src\Illuminate\Foundation\Application.php(641): Stack\StackedHttpKernel->handle(Object(Illuminate\Http\Request))
#10 C:\Users\Alvaro\Documents\Proyectos\estadisticas-futbol\public\index.php(49): Illuminate\Foundation\Application->run()
#11 {main} [] []
[2015-05-20 15:55:19] local.ERROR: exception 'Symfony\Component\HttpKernel\Exception\NotFoundHttpException' in C:\Users\Alvaro\Documents\Proyectos\estadisticas-futbol\vendor\laravel\framework\src\Illuminate\Routing\RouteCollection.php:148
Stack trace:
#0 C:\Users\Alvaro\Documents\Proyectos\estadisticas-futbol\vendor\laravel\framework\src\Illuminate\Routing\Router.php(1054): Illuminate\Routing\RouteCollection->match(Object(Illuminate\Http\Request))
#1 C:\Users\Alvaro\Documents\Proyectos\estadisticas-futbol\vendor\laravel\framework\src\Illuminate\Routing\Router.php(1022): Illuminate\Routing\Router->findRoute(Object(Illuminate\Http\Request))
#2 C:\Users\Alvaro\Documents\Proyectos\estadisticas-futbol\vendor\laravel\framework\src\Illuminate\Routing\Router.php(1001): Illuminate\Routing\Router->dispatchToRoute(Object(Illuminate\Http\Request))
#3 C:\Users\Alvaro\Documents\Proyectos\estadisticas-futbol\vendor\laravel\framework\src\Illuminate\Foundation\Application.php(775): Illuminate\Routing\Router->dispatch(Object(Illuminate\Http\Request))
#4 C:\Users\Alvaro\Documents\Proyectos\estadisticas-futbol\vendor\laravel\framework\src\Illuminate\Foundation\Application.php(745): Illuminate\Foundation\Application->dispatch(Object(Illuminate\Http\Request))
#5 C:\Users\Alvaro\Documents\Proyectos\estadisticas-futbol\vendor\laravel\framework\src\Illuminate\Session\Middleware.php(72): Illuminate\Foundation\Application->handle(Object(Illuminate\Http\Request), 1, true)
#6 C:\Users\Alvaro\Documents\Proyectos\estadisticas-futbol\vendor\laravel\framework\src\Illuminate\Cookie\Queue.php(47): Illuminate\Session\Middleware->handle(Object(Illuminate\Http\Request), 1, true)
#7 C:\Users\Alvaro\Documents\Proyectos\estadisticas-futbol\vendor\laravel\framework\src\Illuminate\Cookie\Guard.php(51): Illuminate\Cookie\Queue->handle(Object(Illuminate\Http\Request), 1, true)
#8 C:\Users\Alvaro\Documents\Proyectos\estadisticas-futbol\vendor\stack\builder\src\Stack\StackedHttpKernel.php(23): Illuminate\Cookie\Guard->handle(Object(Illuminate\Http\Request), 1, true)
#9 C:\Users\Alvaro\Documents\Proyectos\estadisticas-futbol\vendor\laravel\framework\src\Illuminate\Foundation\Application.php(641): Stack\StackedHttpKernel->handle(Object(Illuminate\Http\Request))
#10 C:\Users\Alvaro\Documents\Proyectos\estadisticas-futbol\public\index.php(49): Illuminate\Foundation\Application->run()
#11 {main} [] []
[2015-05-20 15:55:19] local.ERROR: exception 'Symfony\Component\HttpKernel\Exception\NotFoundHttpException' in C:\Users\Alvaro\Documents\Proyectos\estadisticas-futbol\vendor\laravel\framework\src\Illuminate\Routing\RouteCollection.php:148
Stack trace:
#0 C:\Users\Alvaro\Documents\Proyectos\estadisticas-futbol\vendor\laravel\framework\src\Illuminate\Routing\Router.php(1054): Illuminate\Routing\RouteCollection->match(Object(Illuminate\Http\Request))
#1 C:\Users\Alvaro\Documents\Proyectos\estadisticas-futbol\vendor\laravel\framework\src\Illuminate\Routing\Router.php(1022): Illuminate\Routing\Router->findRoute(Object(Illuminate\Http\Request))
#2 C:\Users\Alvaro\Documents\Proyectos\estadisticas-futbol\vendor\laravel\framework\src\Illuminate\Routing\Router.php(1001): Illuminate\Routing\Router->dispatchToRoute(Object(Illuminate\Http\Request))
#3 C:\Users\Alvaro\Documents\Proyectos\estadisticas-futbol\vendor\laravel\framework\src\Illuminate\Foundation\Application.php(775): Illuminate\Routing\Router->dispatch(Object(Illuminate\Http\Request))
#4 C:\Users\Alvaro\Documents\Proyectos\estadisticas-futbol\vendor\laravel\framework\src\Illuminate\Foundation\Application.php(745): Illuminate\Foundation\Application->dispatch(Object(Illuminate\Http\Request))
#5 C:\Users\Alvaro\Documents\Proyectos\estadisticas-futbol\vendor\laravel\framework\src\Illuminate\Session\Middleware.php(72): Illuminate\Foundation\Application->handle(Object(Illuminate\Http\Request), 1, true)
#6 C:\Users\Alvaro\Documents\Proyectos\estadisticas-futbol\vendor\laravel\framework\src\Illuminate\Cookie\Queue.php(47): Illuminate\Session\Middleware->handle(Object(Illuminate\Http\Request), 1, true)
#7 C:\Users\Alvaro\Documents\Proyectos\estadisticas-futbol\vendor\laravel\framework\src\Illuminate\Cookie\Guard.php(51): Illuminate\Cookie\Queue->handle(Object(Illuminate\Http\Request), 1, true)
#8 C:\Users\Alvaro\Documents\Proyectos\estadisticas-futbol\vendor\stack\builder\src\Stack\StackedHttpKernel.php(23): Illuminate\Cookie\Guard->handle(Object(Illuminate\Http\Request), 1, true)
#9 C:\Users\Alvaro\Documents\Proyectos\estadisticas-futbol\vendor\laravel\framework\src\Illuminate\Foundation\Application.php(641): Stack\StackedHttpKernel->handle(Object(Illuminate\Http\Request))
#10 C:\Users\Alvaro\Documents\Proyectos\estadisticas-futbol\public\index.php(49): Illuminate\Foundation\Application->run()
#11 {main} [] []
[2015-05-20 15:56:37] local.ERROR: exception 'Symfony\Component\HttpKernel\Exception\NotFoundHttpException' in C:\Users\Alvaro\Documents\Proyectos\estadisticas-futbol\vendor\laravel\framework\src\Illuminate\Routing\RouteCollection.php:148
Stack trace:
#0 C:\Users\Alvaro\Documents\Proyectos\estadisticas-futbol\vendor\laravel\framework\src\Illuminate\Routing\Router.php(1054): Illuminate\Routing\RouteCollection->match(Object(Illuminate\Http\Request))
#1 C:\Users\Alvaro\Documents\Proyectos\estadisticas-futbol\vendor\laravel\framework\src\Illuminate\Routing\Router.php(1022): Illuminate\Routing\Router->findRoute(Object(Illuminate\Http\Request))
#2 C:\Users\Alvaro\Documents\Proyectos\estadisticas-futbol\vendor\laravel\framework\src\Illuminate\Routing\Router.php(1001): Illuminate\Routing\Router->dispatchToRoute(Object(Illuminate\Http\Request))
#3 C:\Users\Alvaro\Documents\Proyectos\estadisticas-futbol\vendor\laravel\framework\src\Illuminate\Foundation\Application.php(775): Illuminate\Routing\Router->dispatch(Object(Illuminate\Http\Request))
#4 C:\Users\Alvaro\Documents\Proyectos\estadisticas-futbol\vendor\laravel\framework\src\Illuminate\Foundation\Application.php(745): Illuminate\Foundation\Application->dispatch(Object(Illuminate\Http\Request))
#5 C:\Users\Alvaro\Documents\Proyectos\estadisticas-futbol\vendor\laravel\framework\src\Illuminate\Session\Middleware.php(72): Illuminate\Foundation\Application->handle(Object(Illuminate\Http\Request), 1, true)
#6 C:\Users\Alvaro\Documents\Proyectos\estadisticas-futbol\vendor\laravel\framework\src\Illuminate\Cookie\Queue.php(47): Illuminate\Session\Middleware->handle(Object(Illuminate\Http\Request), 1, true)
#7 C:\Users\Alvaro\Documents\Proyectos\estadisticas-futbol\vendor\laravel\framework\src\Illuminate\Cookie\Guard.php(51): Illuminate\Cookie\Queue->handle(Object(Illuminate\Http\Request), 1, true)
#8 C:\Users\Alvaro\Documents\Proyectos\estadisticas-futbol\vendor\stack\builder\src\Stack\StackedHttpKernel.php(23): Illuminate\Cookie\Guard->handle(Object(Illuminate\Http\Request), 1, true)
#9 C:\Users\Alvaro\Documents\Proyectos\estadisticas-futbol\vendor\laravel\framework\src\Illuminate\Foundation\Application.php(641): Stack\StackedHttpKernel->handle(Object(Illuminate\Http\Request))
#10 C:\Users\Alvaro\Documents\Proyectos\estadisticas-futbol\public\index.php(49): Illuminate\Foundation\Application->run()
#11 {main} [] []
[2015-05-20 15:56:37] local.ERROR: exception 'Symfony\Component\HttpKernel\Exception\NotFoundHttpException' in C:\Users\Alvaro\Documents\Proyectos\estadisticas-futbol\vendor\laravel\framework\src\Illuminate\Routing\RouteCollection.php:148
Stack trace:
#0 C:\Users\Alvaro\Documents\Proyectos\estadisticas-futbol\vendor\laravel\framework\src\Illuminate\Routing\Router.php(1054): Illuminate\Routing\RouteCollection->match(Object(Illuminate\Http\Request))
#1 C:\Users\Alvaro\Documents\Proyectos\estadisticas-futbol\vendor\laravel\framework\src\Illuminate\Routing\Router.php(1022): Illuminate\Routing\Router->findRoute(Object(Illuminate\Http\Request))
#2 C:\Users\Alvaro\Documents\Proyectos\estadisticas-futbol\vendor\laravel\framework\src\Illuminate\Routing\Router.php(1001): Illuminate\Routing\Router->dispatchToRoute(Object(Illuminate\Http\Request))
#3 C:\Users\Alvaro\Documents\Proyectos\estadisticas-futbol\vendor\laravel\framework\src\Illuminate\Foundation\Application.php(775): Illuminate\Routing\Router->dispatch(Object(Illuminate\Http\Request))
#4 C:\Users\Alvaro\Documents\Proyectos\estadisticas-futbol\vendor\laravel\framework\src\Illuminate\Foundation\Application.php(745): Illuminate\Foundation\Application->dispatch(Object(Illuminate\Http\Request))
#5 C:\Users\Alvaro\Documents\Proyectos\estadisticas-futbol\vendor\laravel\framework\src\Illuminate\Session\Middleware.php(72): Illuminate\Foundation\Application->handle(Object(Illuminate\Http\Request), 1, true)
#6 C:\Users\Alvaro\Documents\Proyectos\estadisticas-futbol\vendor\laravel\framework\src\Illuminate\Cookie\Queue.php(47): Illuminate\Session\Middleware->handle(Object(Illuminate\Http\Request), 1, true)
#7 C:\Users\Alvaro\Documents\Proyectos\estadisticas-futbol\vendor\laravel\framework\src\Illuminate\Cookie\Guard.php(51): Illuminate\Cookie\Queue->handle(Object(Illuminate\Http\Request), 1, true)
#8 C:\Users\Alvaro\Documents\Proyectos\estadisticas-futbol\vendor\stack\builder\src\Stack\StackedHttpKernel.php(23): Illuminate\Cookie\Guard->handle(Object(Illuminate\Http\Request), 1, true)
#9 C:\Users\Alvaro\Documents\Proyectos\estadisticas-futbol\vendor\laravel\framework\src\Illuminate\Foundation\Application.php(641): Stack\StackedHttpKernel->handle(Object(Illuminate\Http\Request))
#10 C:\Users\Alvaro\Documents\Proyectos\estadisticas-futbol\public\index.php(49): Illuminate\Foundation\Application->run()
#11 {main} [] []
[2015-05-20 15:56:46] local.ERROR: exception 'Symfony\Component\HttpKernel\Exception\NotFoundHttpException' in C:\Users\Alvaro\Documents\Proyectos\estadisticas-futbol\vendor\laravel\framework\src\Illuminate\Routing\RouteCollection.php:148
Stack trace:
#0 C:\Users\Alvaro\Documents\Proyectos\estadisticas-futbol\vendor\laravel\framework\src\Illuminate\Routing\Router.php(1054): Illuminate\Routing\RouteCollection->match(Object(Illuminate\Http\Request))
#1 C:\Users\Alvaro\Documents\Proyectos\estadisticas-futbol\vendor\laravel\framework\src\Illuminate\Routing\Router.php(1022): Illuminate\Routing\Router->findRoute(Object(Illuminate\Http\Request))
#2 C:\Users\Alvaro\Documents\Proyectos\estadisticas-futbol\vendor\laravel\framework\src\Illuminate\Routing\Router.php(1001): Illuminate\Routing\Router->dispatchToRoute(Object(Illuminate\Http\Request))
#3 C:\Users\Alvaro\Documents\Proyectos\estadisticas-futbol\vendor\laravel\framework\src\Illuminate\Foundation\Application.php(775): Illuminate\Routing\Router->dispatch(Object(Illuminate\Http\Request))
#4 C:\Users\Alvaro\Documents\Proyectos\estadisticas-futbol\vendor\laravel\framework\src\Illuminate\Foundation\Application.php(745): Illuminate\Foundation\Application->dispatch(Object(Illuminate\Http\Request))
#5 C:\Users\Alvaro\Documents\Proyectos\estadisticas-futbol\vendor\laravel\framework\src\Illuminate\Session\Middleware.php(72): Illuminate\Foundation\Application->handle(Object(Illuminate\Http\Request), 1, true)
#6 C:\Users\Alvaro\Documents\Proyectos\estadisticas-futbol\vendor\laravel\framework\src\Illuminate\Cookie\Queue.php(47): Illuminate\Session\Middleware->handle(Object(Illuminate\Http\Request), 1, true)
#7 C:\Users\Alvaro\Documents\Proyectos\estadisticas-futbol\vendor\laravel\framework\src\Illuminate\Cookie\Guard.php(51): Illuminate\Cookie\Queue->handle(Object(Illuminate\Http\Request), 1, true)
#8 C:\Users\Alvaro\Documents\Proyectos\estadisticas-futbol\vendor\stack\builder\src\Stack\StackedHttpKernel.php(23): Illuminate\Cookie\Guard->handle(Object(Illuminate\Http\Request), 1, true)
#9 C:\Users\Alvaro\Documents\Proyectos\estadisticas-futbol\vendor\laravel\framework\src\Illuminate\Foundation\Application.php(641): Stack\StackedHttpKernel->handle(Object(Illuminate\Http\Request))
#10 C:\Users\Alvaro\Documents\Proyectos\estadisticas-futbol\public\index.php(49): Illuminate\Foundation\Application->run()
#11 {main} [] []
[2015-05-20 15:56:51] local.ERROR: exception 'Symfony\Component\HttpKernel\Exception\NotFoundHttpException' in C:\Users\Alvaro\Documents\Proyectos\estadisticas-futbol\vendor\laravel\framework\src\Illuminate\Routing\RouteCollection.php:148
Stack trace:
#0 C:\Users\Alvaro\Documents\Proyectos\estadisticas-futbol\vendor\laravel\framework\src\Illuminate\Routing\Router.php(1054): Illuminate\Routing\RouteCollection->match(Object(Illuminate\Http\Request))
#1 C:\Users\Alvaro\Documents\Proyectos\estadisticas-futbol\vendor\laravel\framework\src\Illuminate\Routing\Router.php(1022): Illuminate\Routing\Router->findRoute(Object(Illuminate\Http\Request))
#2 C:\Users\Alvaro\Documents\Proyectos\estadisticas-futbol\vendor\laravel\framework\src\Illuminate\Routing\Router.php(1001): Illuminate\Routing\Router->dispatchToRoute(Object(Illuminate\Http\Request))
#3 C:\Users\Alvaro\Documents\Proyectos\estadisticas-futbol\vendor\laravel\framework\src\Illuminate\Foundation\Application.php(775): Illuminate\Routing\Router->dispatch(Object(Illuminate\Http\Request))
#4 C:\Users\Alvaro\Documents\Proyectos\estadisticas-futbol\vendor\laravel\framework\src\Illuminate\Foundation\Application.php(745): Illuminate\Foundation\Application->dispatch(Object(Illuminate\Http\Request))
#5 C:\Users\Alvaro\Documents\Proyectos\estadisticas-futbol\vendor\laravel\framework\src\Illuminate\Session\Middleware.php(72): Illuminate\Foundation\Application->handle(Object(Illuminate\Http\Request), 1, true)
#6 C:\Users\Alvaro\Documents\Proyectos\estadisticas-futbol\vendor\laravel\framework\src\Illuminate\Cookie\Queue.php(47): Illuminate\Session\Middleware->handle(Object(Illuminate\Http\Request), 1, true)
#7 C:\Users\Alvaro\Documents\Proyectos\estadisticas-futbol\vendor\laravel\framework\src\Illuminate\Cookie\Guard.php(51): Illuminate\Cookie\Queue->handle(Object(Illuminate\Http\Request), 1, true)
#8 C:\Users\Alvaro\Documents\Proyectos\estadisticas-futbol\vendor\stack\builder\src\Stack\StackedHttpKernel.php(23): Illuminate\Cookie\Guard->handle(Object(Illuminate\Http\Request), 1, true)
#9 C:\Users\Alvaro\Documents\Proyectos\estadisticas-futbol\vendor\laravel\framework\src\Illuminate\Foundation\Application.php(641): Stack\StackedHttpKernel->handle(Object(Illuminate\Http\Request))
#10 C:\Users\Alvaro\Documents\Proyectos\estadisticas-futbol\public\index.php(49): Illuminate\Foundation\Application->run()
#11 {main} [] []
[2015-05-20 15:56:51] local.ERROR: exception 'Symfony\Component\HttpKernel\Exception\NotFoundHttpException' in C:\Users\Alvaro\Documents\Proyectos\estadisticas-futbol\vendor\laravel\framework\src\Illuminate\Routing\RouteCollection.php:148
Stack trace:
#0 C:\Users\Alvaro\Documents\Proyectos\estadisticas-futbol\vendor\laravel\framework\src\Illuminate\Routing\Router.php(1054): Illuminate\Routing\RouteCollection->match(Object(Illuminate\Http\Request))
#1 C:\Users\Alvaro\Documents\Proyectos\estadisticas-futbol\vendor\laravel\framework\src\Illuminate\Routing\Router.php(1022): Illuminate\Routing\Router->findRoute(Object(Illuminate\Http\Request))
#2 C:\Users\Alvaro\Documents\Proyectos\estadisticas-futbol\vendor\laravel\framework\src\Illuminate\Routing\Router.php(1001): Illuminate\Routing\Router->dispatchToRoute(Object(Illuminate\Http\Request))
#3 C:\Users\Alvaro\Documents\Proyectos\estadisticas-futbol\vendor\laravel\framework\src\Illuminate\Foundation\Application.php(775): Illuminate\Routing\Router->dispatch(Object(Illuminate\Http\Request))
#4 C:\Users\Alvaro\Documents\Proyectos\estadisticas-futbol\vendor\laravel\framework\src\Illuminate\Foundation\Application.php(745): Illuminate\Foundation\Application->dispatch(Object(Illuminate\Http\Request))
#5 C:\Users\Alvaro\Documents\Proyectos\estadisticas-futbol\vendor\laravel\framework\src\Illuminate\Session\Middleware.php(72): Illuminate\Foundation\Application->handle(Object(Illuminate\Http\Request), 1, true)
#6 C:\Users\Alvaro\Documents\Proyectos\estadisticas-futbol\vendor\laravel\framework\src\Illuminate\Cookie\Queue.php(47): Illuminate\Session\Middleware->handle(Object(Illuminate\Http\Request), 1, true)
#7 C:\Users\Alvaro\Documents\Proyectos\estadisticas-futbol\vendor\laravel\framework\src\Illuminate\Cookie\Guard.php(51): Illuminate\Cookie\Queue->handle(Object(Illuminate\Http\Request), 1, true)
#8 C:\Users\Alvaro\Documents\Proyectos\estadisticas-futbol\vendor\stack\builder\src\Stack\StackedHttpKernel.php(23): Illuminate\Cookie\Guard->handle(Object(Illuminate\Http\Request), 1, true)
#9 C:\Users\Alvaro\Documents\Proyectos\estadisticas-futbol\vendor\laravel\framework\src\Illuminate\Foundation\Application.php(641): Stack\StackedHttpKernel->handle(Object(Illuminate\Http\Request))
#10 C:\Users\Alvaro\Documents\Proyectos\estadisticas-futbol\public\index.php(49): Illuminate\Foundation\Application->run()
#11 {main} [] []
[2015-05-20 15:57:40] local.ERROR: exception 'Symfony\Component\HttpKernel\Exception\NotFoundHttpException' in C:\Users\Alvaro\Documents\Proyectos\estadisticas-futbol\vendor\laravel\framework\src\Illuminate\Routing\RouteCollection.php:148
Stack trace:
#0 C:\Users\Alvaro\Documents\Proyectos\estadisticas-futbol\vendor\laravel\framework\src\Illuminate\Routing\Router.php(1054): Illuminate\Routing\RouteCollection->match(Object(Illuminate\Http\Request))
#1 C:\Users\Alvaro\Documents\Proyectos\estadisticas-futbol\vendor\laravel\framework\src\Illuminate\Routing\Router.php(1022): Illuminate\Routing\Router->findRoute(Object(Illuminate\Http\Request))
#2 C:\Users\Alvaro\Documents\Proyectos\estadisticas-futbol\vendor\laravel\framework\src\Illuminate\Routing\Router.php(1001): Illuminate\Routing\Router->dispatchToRoute(Object(Illuminate\Http\Request))
#3 C:\Users\Alvaro\Documents\Proyectos\estadisticas-futbol\vendor\laravel\framework\src\Illuminate\Foundation\Application.php(775): Illuminate\Routing\Router->dispatch(Object(Illuminate\Http\Request))
#4 C:\Users\Alvaro\Documents\Proyectos\estadisticas-futbol\vendor\laravel\framework\src\Illuminate\Foundation\Application.php(745): Illuminate\Foundation\Application->dispatch(Object(Illuminate\Http\Request))
#5 C:\Users\Alvaro\Documents\Proyectos\estadisticas-futbol\vendor\laravel\framework\src\Illuminate\Session\Middleware.php(72): Illuminate\Foundation\Application->handle(Object(Illuminate\Http\Request), 1, true)
#6 C:\Users\Alvaro\Documents\Proyectos\estadisticas-futbol\vendor\laravel\framework\src\Illuminate\Cookie\Queue.php(47): Illuminate\Session\Middleware->handle(Object(Illuminate\Http\Request), 1, true)
#7 C:\Users\Alvaro\Documents\Proyectos\estadisticas-futbol\vendor\laravel\framework\src\Illuminate\Cookie\Guard.php(51): Illuminate\Cookie\Queue->handle(Object(Illuminate\Http\Request), 1, true)
#8 C:\Users\Alvaro\Documents\Proyectos\estadisticas-futbol\vendor\stack\builder\src\Stack\StackedHttpKernel.php(23): Illuminate\Cookie\Guard->handle(Object(Illuminate\Http\Request), 1, true)
#9 C:\Users\Alvaro\Documents\Proyectos\estadisticas-futbol\vendor\laravel\framework\src\Illuminate\Foundation\Application.php(641): Stack\StackedHttpKernel->handle(Object(Illuminate\Http\Request))
#10 C:\Users\Alvaro\Documents\Proyectos\estadisticas-futbol\public\index.php(49): Illuminate\Foundation\Application->run()
#11 {main} [] []
[2015-05-20 15:57:40] local.ERROR: exception 'Symfony\Component\HttpKernel\Exception\NotFoundHttpException' in C:\Users\Alvaro\Documents\Proyectos\estadisticas-futbol\vendor\laravel\framework\src\Illuminate\Routing\RouteCollection.php:148
Stack trace:
#0 C:\Users\Alvaro\Documents\Proyectos\estadisticas-futbol\vendor\laravel\framework\src\Illuminate\Routing\Router.php(1054): Illuminate\Routing\RouteCollection->match(Object(Illuminate\Http\Request))
#1 C:\Users\Alvaro\Documents\Proyectos\estadisticas-futbol\vendor\laravel\framework\src\Illuminate\Routing\Router.php(1022): Illuminate\Routing\Router->findRoute(Object(Illuminate\Http\Request))
#2 C:\Users\Alvaro\Documents\Proyectos\estadisticas-futbol\vendor\laravel\framework\src\Illuminate\Routing\Router.php(1001): Illuminate\Routing\Router->dispatchToRoute(Object(Illuminate\Http\Request))
#3 C:\Users\Alvaro\Documents\Proyectos\estadisticas-futbol\vendor\laravel\framework\src\Illuminate\Foundation\Application.php(775): Illuminate\Routing\Router->dispatch(Object(Illuminate\Http\Request))
#4 C:\Users\Alvaro\Documents\Proyectos\estadisticas-futbol\vendor\laravel\framework\src\Illuminate\Foundation\Application.php(745): Illuminate\Foundation\Application->dispatch(Object(Illuminate\Http\Request))
#5 C:\Users\Alvaro\Documents\Proyectos\estadisticas-futbol\vendor\laravel\framework\src\Illuminate\Session\Middleware.php(72): Illuminate\Foundation\Application->handle(Object(Illuminate\Http\Request), 1, true)
#6 C:\Users\Alvaro\Documents\Proyectos\estadisticas-futbol\vendor\laravel\framework\src\Illuminate\Cookie\Queue.php(47): Illuminate\Session\Middleware->handle(Object(Illuminate\Http\Request), 1, true)
#7 C:\Users\Alvaro\Documents\Proyectos\estadisticas-futbol\vendor\laravel\framework\src\Illuminate\Cookie\Guard.php(51): Illuminate\Cookie\Queue->handle(Object(Illuminate\Http\Request), 1, true)
#8 C:\Users\Alvaro\Documents\Proyectos\estadisticas-futbol\vendor\stack\builder\src\Stack\StackedHttpKernel.php(23): Illuminate\Cookie\Guard->handle(Object(Illuminate\Http\Request), 1, true)
#9 C:\Users\Alvaro\Documents\Proyectos\estadisticas-futbol\vendor\laravel\framework\src\Illuminate\Foundation\Application.php(641): Stack\StackedHttpKernel->handle(Object(Illuminate\Http\Request))
#10 C:\Users\Alvaro\Documents\Proyectos\estadisticas-futbol\public\index.php(49): Illuminate\Foundation\Application->run()
#11 {main} [] []
[2015-05-20 16:05:06] local.ERROR: exception 'Symfony\Component\HttpKernel\Exception\NotFoundHttpException' in C:\Users\Alvaro\Documents\Proyectos\estadisticas-futbol\vendor\laravel\framework\src\Illuminate\Routing\RouteCollection.php:148
Stack trace:
#0 C:\Users\Alvaro\Documents\Proyectos\estadisticas-futbol\vendor\laravel\framework\src\Illuminate\Routing\Router.php(1054): Illuminate\Routing\RouteCollection->match(Object(Illuminate\Http\Request))
#1 C:\Users\Alvaro\Documents\Proyectos\estadisticas-futbol\vendor\laravel\framework\src\Illuminate\Routing\Router.php(1022): Illuminate\Routing\Router->findRoute(Object(Illuminate\Http\Request))
#2 C:\Users\Alvaro\Documents\Proyectos\estadisticas-futbol\vendor\laravel\framework\src\Illuminate\Routing\Router.php(1001): Illuminate\Routing\Router->dispatchToRoute(Object(Illuminate\Http\Request))
#3 C:\Users\Alvaro\Documents\Proyectos\estadisticas-futbol\vendor\laravel\framework\src\Illuminate\Foundation\Application.php(775): Illuminate\Routing\Router->dispatch(Object(Illuminate\Http\Request))
#4 C:\Users\Alvaro\Documents\Proyectos\estadisticas-futbol\vendor\laravel\framework\src\Illuminate\Foundation\Application.php(745): Illuminate\Foundation\Application->dispatch(Object(Illuminate\Http\Request))
#5 C:\Users\Alvaro\Documents\Proyectos\estadisticas-futbol\vendor\laravel\framework\src\Illuminate\Session\Middleware.php(72): Illuminate\Foundation\Application->handle(Object(Illuminate\Http\Request), 1, true)
#6 C:\Users\Alvaro\Documents\Proyectos\estadisticas-futbol\vendor\laravel\framework\src\Illuminate\Cookie\Queue.php(47): Illuminate\Session\Middleware->handle(Object(Illuminate\Http\Request), 1, true)
#7 C:\Users\Alvaro\Documents\Proyectos\estadisticas-futbol\vendor\laravel\framework\src\Illuminate\Cookie\Guard.php(51): Illuminate\Cookie\Queue->handle(Object(Illuminate\Http\Request), 1, true)
#8 C:\Users\Alvaro\Documents\Proyectos\estadisticas-futbol\vendor\stack\builder\src\Stack\StackedHttpKernel.php(23): Illuminate\Cookie\Guard->handle(Object(Illuminate\Http\Request), 1, true)
#9 C:\Users\Alvaro\Documents\Proyectos\estadisticas-futbol\vendor\laravel\framework\src\Illuminate\Foundation\Application.php(641): Stack\StackedHttpKernel->handle(Object(Illuminate\Http\Request))
#10 C:\Users\Alvaro\Documents\Proyectos\estadisticas-futbol\public\index.php(49): Illuminate\Foundation\Application->run()
#11 {main} [] []
[2015-05-20 16:05:06] local.ERROR: exception 'Symfony\Component\HttpKernel\Exception\NotFoundHttpException' in C:\Users\Alvaro\Documents\Proyectos\estadisticas-futbol\vendor\laravel\framework\src\Illuminate\Routing\RouteCollection.php:148
Stack trace:
#0 C:\Users\Alvaro\Documents\Proyectos\estadisticas-futbol\vendor\laravel\framework\src\Illuminate\Routing\Router.php(1054): Illuminate\Routing\RouteCollection->match(Object(Illuminate\Http\Request))
#1 C:\Users\Alvaro\Documents\Proyectos\estadisticas-futbol\vendor\laravel\framework\src\Illuminate\Routing\Router.php(1022): Illuminate\Routing\Router->findRoute(Object(Illuminate\Http\Request))
#2 C:\Users\Alvaro\Documents\Proyectos\estadisticas-futbol\vendor\laravel\framework\src\Illuminate\Routing\Router.php(1001): Illuminate\Routing\Router->dispatchToRoute(Object(Illuminate\Http\Request))
#3 C:\Users\Alvaro\Documents\Proyectos\estadisticas-futbol\vendor\laravel\framework\src\Illuminate\Foundation\Application.php(775): Illuminate\Routing\Router->dispatch(Object(Illuminate\Http\Request))
#4 C:\Users\Alvaro\Documents\Proyectos\estadisticas-futbol\vendor\laravel\framework\src\Illuminate\Foundation\Application.php(745): Illuminate\Foundation\Application->dispatch(Object(Illuminate\Http\Request))
#5 C:\Users\Alvaro\Documents\Proyectos\estadisticas-futbol\vendor\laravel\framework\src\Illuminate\Session\Middleware.php(72): Illuminate\Foundation\Application->handle(Object(Illuminate\Http\Request), 1, true)
#6 C:\Users\Alvaro\Documents\Proyectos\estadisticas-futbol\vendor\laravel\framework\src\Illuminate\Cookie\Queue.php(47): Illuminate\Session\Middleware->handle(Object(Illuminate\Http\Request), 1, true)
#7 C:\Users\Alvaro\Documents\Proyectos\estadisticas-futbol\vendor\laravel\framework\src\Illuminate\Cookie\Guard.php(51): Illuminate\Cookie\Queue->handle(Object(Illuminate\Http\Request), 1, true)
#8 C:\Users\Alvaro\Documents\Proyectos\estadisticas-futbol\vendor\stack\builder\src\Stack\StackedHttpKernel.php(23): Illuminate\Cookie\Guard->handle(Object(Illuminate\Http\Request), 1, true)
#9 C:\Users\Alvaro\Documents\Proyectos\estadisticas-futbol\vendor\laravel\framework\src\Illuminate\Foundation\Application.php(641): Stack\StackedHttpKernel->handle(Object(Illuminate\Http\Request))
#10 C:\Users\Alvaro\Documents\Proyectos\estadisticas-futbol\public\index.php(49): Illuminate\Foundation\Application->run()
#11 {main} [] []
[2015-05-20 16:13:25] local.ERROR: exception 'Symfony\Component\HttpKernel\Exception\NotFoundHttpException' in C:\Users\Alvaro\Documents\Proyectos\estadisticas-futbol\vendor\laravel\framework\src\Illuminate\Routing\RouteCollection.php:148
Stack trace:
#0 C:\Users\Alvaro\Documents\Proyectos\estadisticas-futbol\vendor\laravel\framework\src\Illuminate\Routing\Router.php(1054): Illuminate\Routing\RouteCollection->match(Object(Illuminate\Http\Request))
#1 C:\Users\Alvaro\Documents\Proyectos\estadisticas-futbol\vendor\laravel\framework\src\Illuminate\Routing\Router.php(1022): Illuminate\Routing\Router->findRoute(Object(Illuminate\Http\Request))
#2 C:\Users\Alvaro\Documents\Proyectos\estadisticas-futbol\vendor\laravel\framework\src\Illuminate\Routing\Router.php(1001): Illuminate\Routing\Router->dispatchToRoute(Object(Illuminate\Http\Request))
#3 C:\Users\Alvaro\Documents\Proyectos\estadisticas-futbol\vendor\laravel\framework\src\Illuminate\Foundation\Application.php(775): Illuminate\Routing\Router->dispatch(Object(Illuminate\Http\Request))
#4 C:\Users\Alvaro\Documents\Proyectos\estadisticas-futbol\vendor\laravel\framework\src\Illuminate\Foundation\Application.php(745): Illuminate\Foundation\Application->dispatch(Object(Illuminate\Http\Request))
#5 C:\Users\Alvaro\Documents\Proyectos\estadisticas-futbol\vendor\laravel\framework\src\Illuminate\Session\Middleware.php(72): Illuminate\Foundation\Application->handle(Object(Illuminate\Http\Request), 1, true)
#6 C:\Users\Alvaro\Documents\Proyectos\estadisticas-futbol\vendor\laravel\framework\src\Illuminate\Cookie\Queue.php(47): Illuminate\Session\Middleware->handle(Object(Illuminate\Http\Request), 1, true)
#7 C:\Users\Alvaro\Documents\Proyectos\estadisticas-futbol\vendor\laravel\framework\src\Illuminate\Cookie\Guard.php(51): Illuminate\Cookie\Queue->handle(Object(Illuminate\Http\Request), 1, true)
#8 C:\Users\Alvaro\Documents\Proyectos\estadisticas-futbol\vendor\stack\builder\src\Stack\StackedHttpKernel.php(23): Illuminate\Cookie\Guard->handle(Object(Illuminate\Http\Request), 1, true)
#9 C:\Users\Alvaro\Documents\Proyectos\estadisticas-futbol\vendor\laravel\framework\src\Illuminate\Foundation\Application.php(641): Stack\StackedHttpKernel->handle(Object(Illuminate\Http\Request))
#10 C:\Users\Alvaro\Documents\Proyectos\estadisticas-futbol\public\index.php(49): Illuminate\Foundation\Application->run()
#11 {main} [] []
[2015-05-20 16:13:25] local.ERROR: exception 'Symfony\Component\HttpKernel\Exception\NotFoundHttpException' in C:\Users\Alvaro\Documents\Proyectos\estadisticas-futbol\vendor\laravel\framework\src\Illuminate\Routing\RouteCollection.php:148
Stack trace:
#0 C:\Users\Alvaro\Documents\Proyectos\estadisticas-futbol\vendor\laravel\framework\src\Illuminate\Routing\Router.php(1054): Illuminate\Routing\RouteCollection->match(Object(Illuminate\Http\Request))
#1 C:\Users\Alvaro\Documents\Proyectos\estadisticas-futbol\vendor\laravel\framework\src\Illuminate\Routing\Router.php(1022): Illuminate\Routing\Router->findRoute(Object(Illuminate\Http\Request))
#2 C:\Users\Alvaro\Documents\Proyectos\estadisticas-futbol\vendor\laravel\framework\src\Illuminate\Routing\Router.php(1001): Illuminate\Routing\Router->dispatchToRoute(Object(Illuminate\Http\Request))
#3 C:\Users\Alvaro\Documents\Proyectos\estadisticas-futbol\vendor\laravel\framework\src\Illuminate\Foundation\Application.php(775): Illuminate\Routing\Router->dispatch(Object(Illuminate\Http\Request))
#4 C:\Users\Alvaro\Documents\Proyectos\estadisticas-futbol\vendor\laravel\framework\src\Illuminate\Foundation\Application.php(745): Illuminate\Foundation\Application->dispatch(Object(Illuminate\Http\Request))
#5 C:\Users\Alvaro\Documents\Proyectos\estadisticas-futbol\vendor\laravel\framework\src\Illuminate\Session\Middleware.php(72): Illuminate\Foundation\Application->handle(Object(Illuminate\Http\Request), 1, true)
#6 C:\Users\Alvaro\Documents\Proyectos\estadisticas-futbol\vendor\laravel\framework\src\Illuminate\Cookie\Queue.php(47): Illuminate\Session\Middleware->handle(Object(Illuminate\Http\Request), 1, true)
#7 C:\Users\Alvaro\Documents\Proyectos\estadisticas-futbol\vendor\laravel\framework\src\Illuminate\Cookie\Guard.php(51): Illuminate\Cookie\Queue->handle(Object(Illuminate\Http\Request), 1, true)
#8 C:\Users\Alvaro\Documents\Proyectos\estadisticas-futbol\vendor\stack\builder\src\Stack\StackedHttpKernel.php(23): Illuminate\Cookie\Guard->handle(Object(Illuminate\Http\Request), 1, true)
#9 C:\Users\Alvaro\Documents\Proyectos\estadisticas-futbol\vendor\laravel\framework\src\Illuminate\Foundation\Application.php(641): Stack\StackedHttpKernel->handle(Object(Illuminate\Http\Request))
#10 C:\Users\Alvaro\Documents\Proyectos\estadisticas-futbol\public\index.php(49): Illuminate\Foundation\Application->run()
#11 {main} [] []
[2015-05-20 16:13:33] local.ERROR: exception 'Symfony\Component\HttpKernel\Exception\NotFoundHttpException' in C:\Users\Alvaro\Documents\Proyectos\estadisticas-futbol\vendor\laravel\framework\src\Illuminate\Routing\RouteCollection.php:148
Stack trace:
#0 C:\Users\Alvaro\Documents\Proyectos\estadisticas-futbol\vendor\laravel\framework\src\Illuminate\Routing\Router.php(1054): Illuminate\Routing\RouteCollection->match(Object(Illuminate\Http\Request))
#1 C:\Users\Alvaro\Documents\Proyectos\estadisticas-futbol\vendor\laravel\framework\src\Illuminate\Routing\Router.php(1022): Illuminate\Routing\Router->findRoute(Object(Illuminate\Http\Request))
#2 C:\Users\Alvaro\Documents\Proyectos\estadisticas-futbol\vendor\laravel\framework\src\Illuminate\Routing\Router.php(1001): Illuminate\Routing\Router->dispatchToRoute(Object(Illuminate\Http\Request))
#3 C:\Users\Alvaro\Documents\Proyectos\estadisticas-futbol\vendor\laravel\framework\src\Illuminate\Foundation\Application.php(775): Illuminate\Routing\Router->dispatch(Object(Illuminate\Http\Request))
#4 C:\Users\Alvaro\Documents\Proyectos\estadisticas-futbol\vendor\laravel\framework\src\Illuminate\Foundation\Application.php(745): Illuminate\Foundation\Application->dispatch(Object(Illuminate\Http\Request))
#5 C:\Users\Alvaro\Documents\Proyectos\estadisticas-futbol\vendor\laravel\framework\src\Illuminate\Session\Middleware.php(72): Illuminate\Foundation\Application->handle(Object(Illuminate\Http\Request), 1, true)
#6 C:\Users\Alvaro\Documents\Proyectos\estadisticas-futbol\vendor\laravel\framework\src\Illuminate\Cookie\Queue.php(47): Illuminate\Session\Middleware->handle(Object(Illuminate\Http\Request), 1, true)
#7 C:\Users\Alvaro\Documents\Proyectos\estadisticas-futbol\vendor\laravel\framework\src\Illuminate\Cookie\Guard.php(51): Illuminate\Cookie\Queue->handle(Object(Illuminate\Http\Request), 1, true)
#8 C:\Users\Alvaro\Documents\Proyectos\estadisticas-futbol\vendor\stack\builder\src\Stack\StackedHttpKernel.php(23): Illuminate\Cookie\Guard->handle(Object(Illuminate\Http\Request), 1, true)
#9 C:\Users\Alvaro\Documents\Proyectos\estadisticas-futbol\vendor\laravel\framework\src\Illuminate\Foundation\Application.php(641): Stack\StackedHttpKernel->handle(Object(Illuminate\Http\Request))
#10 C:\Users\Alvaro\Documents\Proyectos\estadisticas-futbol\public\index.php(49): Illuminate\Foundation\Application->run()
#11 {main} [] []
[2015-05-20 16:13:33] local.ERROR: exception 'Symfony\Component\HttpKernel\Exception\NotFoundHttpException' in C:\Users\Alvaro\Documents\Proyectos\estadisticas-futbol\vendor\laravel\framework\src\Illuminate\Routing\RouteCollection.php:148
Stack trace:
#0 C:\Users\Alvaro\Documents\Proyectos\estadisticas-futbol\vendor\laravel\framework\src\Illuminate\Routing\Router.php(1054): Illuminate\Routing\RouteCollection->match(Object(Illuminate\Http\Request))
#1 C:\Users\Alvaro\Documents\Proyectos\estadisticas-futbol\vendor\laravel\framework\src\Illuminate\Routing\Router.php(1022): Illuminate\Routing\Router->findRoute(Object(Illuminate\Http\Request))
#2 C:\Users\Alvaro\Documents\Proyectos\estadisticas-futbol\vendor\laravel\framework\src\Illuminate\Routing\Router.php(1001): Illuminate\Routing\Router->dispatchToRoute(Object(Illuminate\Http\Request))
#3 C:\Users\Alvaro\Documents\Proyectos\estadisticas-futbol\vendor\laravel\framework\src\Illuminate\Foundation\Application.php(775): Illuminate\Routing\Router->dispatch(Object(Illuminate\Http\Request))
#4 C:\Users\Alvaro\Documents\Proyectos\estadisticas-futbol\vendor\laravel\framework\src\Illuminate\Foundation\Application.php(745): Illuminate\Foundation\Application->dispatch(Object(Illuminate\Http\Request))
#5 C:\Users\Alvaro\Documents\Proyectos\estadisticas-futbol\vendor\laravel\framework\src\Illuminate\Session\Middleware.php(72): Illuminate\Foundation\Application->handle(Object(Illuminate\Http\Request), 1, true)
#6 C:\Users\Alvaro\Documents\Proyectos\estadisticas-futbol\vendor\laravel\framework\src\Illuminate\Cookie\Queue.php(47): Illuminate\Session\Middleware->handle(Object(Illuminate\Http\Request), 1, true)
#7 C:\Users\Alvaro\Documents\Proyectos\estadisticas-futbol\vendor\laravel\framework\src\Illuminate\Cookie\Guard.php(51): Illuminate\Cookie\Queue->handle(Object(Illuminate\Http\Request), 1, true)
#8 C:\Users\Alvaro\Documents\Proyectos\estadisticas-futbol\vendor\stack\builder\src\Stack\StackedHttpKernel.php(23): Illuminate\Cookie\Guard->handle(Object(Illuminate\Http\Request), 1, true)
#9 C:\Users\Alvaro\Documents\Proyectos\estadisticas-futbol\vendor\laravel\framework\src\Illuminate\Foundation\Application.php(641): Stack\StackedHttpKernel->handle(Object(Illuminate\Http\Request))
#10 C:\Users\Alvaro\Documents\Proyectos\estadisticas-futbol\public\index.php(49): Illuminate\Foundation\Application->run()
#11 {main} [] []
[2015-05-20 16:13:50] local.ERROR: exception 'Symfony\Component\HttpKernel\Exception\NotFoundHttpException' in C:\Users\Alvaro\Documents\Proyectos\estadisticas-futbol\vendor\laravel\framework\src\Illuminate\Routing\RouteCollection.php:148
Stack trace:
#0 C:\Users\Alvaro\Documents\Proyectos\estadisticas-futbol\vendor\laravel\framework\src\Illuminate\Routing\Router.php(1054): Illuminate\Routing\RouteCollection->match(Object(Illuminate\Http\Request))
#1 C:\Users\Alvaro\Documents\Proyectos\estadisticas-futbol\vendor\laravel\framework\src\Illuminate\Routing\Router.php(1022): Illuminate\Routing\Router->findRoute(Object(Illuminate\Http\Request))
#2 C:\Users\Alvaro\Documents\Proyectos\estadisticas-futbol\vendor\laravel\framework\src\Illuminate\Routing\Router.php(1001): Illuminate\Routing\Router->dispatchToRoute(Object(Illuminate\Http\Request))
#3 C:\Users\Alvaro\Documents\Proyectos\estadisticas-futbol\vendor\laravel\framework\src\Illuminate\Foundation\Application.php(775): Illuminate\Routing\Router->dispatch(Object(Illuminate\Http\Request))
#4 C:\Users\Alvaro\Documents\Proyectos\estadisticas-futbol\vendor\laravel\framework\src\Illuminate\Foundation\Application.php(745): Illuminate\Foundation\Application->dispatch(Object(Illuminate\Http\Request))
#5 C:\Users\Alvaro\Documents\Proyectos\estadisticas-futbol\vendor\laravel\framework\src\Illuminate\Session\Middleware.php(72): Illuminate\Foundation\Application->handle(Object(Illuminate\Http\Request), 1, true)
#6 C:\Users\Alvaro\Documents\Proyectos\estadisticas-futbol\vendor\laravel\framework\src\Illuminate\Cookie\Queue.php(47): Illuminate\Session\Middleware->handle(Object(Illuminate\Http\Request), 1, true)
#7 C:\Users\Alvaro\Documents\Proyectos\estadisticas-futbol\vendor\laravel\framework\src\Illuminate\Cookie\Guard.php(51): Illuminate\Cookie\Queue->handle(Object(Illuminate\Http\Request), 1, true)
#8 C:\Users\Alvaro\Documents\Proyectos\estadisticas-futbol\vendor\stack\builder\src\Stack\StackedHttpKernel.php(23): Illuminate\Cookie\Guard->handle(Object(Illuminate\Http\Request), 1, true)
#9 C:\Users\Alvaro\Documents\Proyectos\estadisticas-futbol\vendor\laravel\framework\src\Illuminate\Foundation\Application.php(641): Stack\StackedHttpKernel->handle(Object(Illuminate\Http\Request))
#10 C:\Users\Alvaro\Documents\Proyectos\estadisticas-futbol\public\index.php(49): Illuminate\Foundation\Application->run()
#11 {main} [] []
[2015-05-20 16:13:50] local.ERROR: exception 'Symfony\Component\HttpKernel\Exception\NotFoundHttpException' in C:\Users\Alvaro\Documents\Proyectos\estadisticas-futbol\vendor\laravel\framework\src\Illuminate\Routing\RouteCollection.php:148
Stack trace:
#0 C:\Users\Alvaro\Documents\Proyectos\estadisticas-futbol\vendor\laravel\framework\src\Illuminate\Routing\Router.php(1054): Illuminate\Routing\RouteCollection->match(Object(Illuminate\Http\Request))
#1 C:\Users\Alvaro\Documents\Proyectos\estadisticas-futbol\vendor\laravel\framework\src\Illuminate\Routing\Router.php(1022): Illuminate\Routing\Router->findRoute(Object(Illuminate\Http\Request))
#2 C:\Users\Alvaro\Documents\Proyectos\estadisticas-futbol\vendor\laravel\framework\src\Illuminate\Routing\Router.php(1001): Illuminate\Routing\Router->dispatchToRoute(Object(Illuminate\Http\Request))
#3 C:\Users\Alvaro\Documents\Proyectos\estadisticas-futbol\vendor\laravel\framework\src\Illuminate\Foundation\Application.php(775): Illuminate\Routing\Router->dispatch(Object(Illuminate\Http\Request))
#4 C:\Users\Alvaro\Documents\Proyectos\estadisticas-futbol\vendor\laravel\framework\src\Illuminate\Foundation\Application.php(745): Illuminate\Foundation\Application->dispatch(Object(Illuminate\Http\Request))
#5 C:\Users\Alvaro\Documents\Proyectos\estadisticas-futbol\vendor\laravel\framework\src\Illuminate\Session\Middleware.php(72): Illuminate\Foundation\Application->handle(Object(Illuminate\Http\Request), 1, true)
#6 C:\Users\Alvaro\Documents\Proyectos\estadisticas-futbol\vendor\laravel\framework\src\Illuminate\Cookie\Queue.php(47): Illuminate\Session\Middleware->handle(Object(Illuminate\Http\Request), 1, true)
#7 C:\Users\Alvaro\Documents\Proyectos\estadisticas-futbol\vendor\laravel\framework\src\Illuminate\Cookie\Guard.php(51): Illuminate\Cookie\Queue->handle(Object(Illuminate\Http\Request), 1, true)
#8 C:\Users\Alvaro\Documents\Proyectos\estadisticas-futbol\vendor\stack\builder\src\Stack\StackedHttpKernel.php(23): Illuminate\Cookie\Guard->handle(Object(Illuminate\Http\Request), 1, true)
#9 C:\Users\Alvaro\Documents\Proyectos\estadisticas-futbol\vendor\laravel\framework\src\Illuminate\Foundation\Application.php(641): Stack\StackedHttpKernel->handle(Object(Illuminate\Http\Request))
#10 C:\Users\Alvaro\Documents\Proyectos\estadisticas-futbol\public\index.php(49): Illuminate\Foundation\Application->run()
#11 {main} [] []
[2015-05-20 16:25:50] local.ERROR: exception 'Symfony\Component\HttpKernel\Exception\NotFoundHttpException' in C:\Users\Alvaro\Documents\Proyectos\estadisticas-futbol\vendor\laravel\framework\src\Illuminate\Routing\RouteCollection.php:148
Stack trace:
#0 C:\Users\Alvaro\Documents\Proyectos\estadisticas-futbol\vendor\laravel\framework\src\Illuminate\Routing\Router.php(1054): Illuminate\Routing\RouteCollection->match(Object(Illuminate\Http\Request))
#1 C:\Users\Alvaro\Documents\Proyectos\estadisticas-futbol\vendor\laravel\framework\src\Illuminate\Routing\Router.php(1022): Illuminate\Routing\Router->findRoute(Object(Illuminate\Http\Request))
#2 C:\Users\Alvaro\Documents\Proyectos\estadisticas-futbol\vendor\laravel\framework\src\Illuminate\Routing\Router.php(1001): Illuminate\Routing\Router->dispatchToRoute(Object(Illuminate\Http\Request))
#3 C:\Users\Alvaro\Documents\Proyectos\estadisticas-futbol\vendor\laravel\framework\src\Illuminate\Foundation\Application.php(775): Illuminate\Routing\Router->dispatch(Object(Illuminate\Http\Request))
#4 C:\Users\Alvaro\Documents\Proyectos\estadisticas-futbol\vendor\laravel\framework\src\Illuminate\Foundation\Application.php(745): Illuminate\Foundation\Application->dispatch(Object(Illuminate\Http\Request))
#5 C:\Users\Alvaro\Documents\Proyectos\estadisticas-futbol\vendor\laravel\framework\src\Illuminate\Session\Middleware.php(72): Illuminate\Foundation\Application->handle(Object(Illuminate\Http\Request), 1, true)
#6 C:\Users\Alvaro\Documents\Proyectos\estadisticas-futbol\vendor\laravel\framework\src\Illuminate\Cookie\Queue.php(47): Illuminate\Session\Middleware->handle(Object(Illuminate\Http\Request), 1, true)
#7 C:\Users\Alvaro\Documents\Proyectos\estadisticas-futbol\vendor\laravel\framework\src\Illuminate\Cookie\Guard.php(51): Illuminate\Cookie\Queue->handle(Object(Illuminate\Http\Request), 1, true)
#8 C:\Users\Alvaro\Documents\Proyectos\estadisticas-futbol\vendor\stack\builder\src\Stack\StackedHttpKernel.php(23): Illuminate\Cookie\Guard->handle(Object(Illuminate\Http\Request), 1, true)
#9 C:\Users\Alvaro\Documents\Proyectos\estadisticas-futbol\vendor\laravel\framework\src\Illuminate\Foundation\Application.php(641): Stack\StackedHttpKernel->handle(Object(Illuminate\Http\Request))
#10 C:\Users\Alvaro\Documents\Proyectos\estadisticas-futbol\public\index.php(49): Illuminate\Foundation\Application->run()
#11 {main} [] []
[2015-05-20 16:25:50] local.ERROR: exception 'Symfony\Component\HttpKernel\Exception\NotFoundHttpException' in C:\Users\Alvaro\Documents\Proyectos\estadisticas-futbol\vendor\laravel\framework\src\Illuminate\Routing\RouteCollection.php:148
Stack trace:
#0 C:\Users\Alvaro\Documents\Proyectos\estadisticas-futbol\vendor\laravel\framework\src\Illuminate\Routing\Router.php(1054): Illuminate\Routing\RouteCollection->match(Object(Illuminate\Http\Request))
#1 C:\Users\Alvaro\Documents\Proyectos\estadisticas-futbol\vendor\laravel\framework\src\Illuminate\Routing\Router.php(1022): Illuminate\Routing\Router->findRoute(Object(Illuminate\Http\Request))
#2 C:\Users\Alvaro\Documents\Proyectos\estadisticas-futbol\vendor\laravel\framework\src\Illuminate\Routing\Router.php(1001): Illuminate\Routing\Router->dispatchToRoute(Object(Illuminate\Http\Request))
#3 C:\Users\Alvaro\Documents\Proyectos\estadisticas-futbol\vendor\laravel\framework\src\Illuminate\Foundation\Application.php(775): Illuminate\Routing\Router->dispatch(Object(Illuminate\Http\Request))
#4 C:\Users\Alvaro\Documents\Proyectos\estadisticas-futbol\vendor\laravel\framework\src\Illuminate\Foundation\Application.php(745): Illuminate\Foundation\Application->dispatch(Object(Illuminate\Http\Request))
#5 C:\Users\Alvaro\Documents\Proyectos\estadisticas-futbol\vendor\laravel\framework\src\Illuminate\Session\Middleware.php(72): Illuminate\Foundation\Application->handle(Object(Illuminate\Http\Request), 1, true)
#6 C:\Users\Alvaro\Documents\Proyectos\estadisticas-futbol\vendor\laravel\framework\src\Illuminate\Cookie\Queue.php(47): Illuminate\Session\Middleware->handle(Object(Illuminate\Http\Request), 1, true)
#7 C:\Users\Alvaro\Documents\Proyectos\estadisticas-futbol\vendor\laravel\framework\src\Illuminate\Cookie\Guard.php(51): Illuminate\Cookie\Queue->handle(Object(Illuminate\Http\Request), 1, true)
#8 C:\Users\Alvaro\Documents\Proyectos\estadisticas-futbol\vendor\stack\builder\src\Stack\StackedHttpKernel.php(23): Illuminate\Cookie\Guard->handle(Object(Illuminate\Http\Request), 1, true)
#9 C:\Users\Alvaro\Documents\Proyectos\estadisticas-futbol\vendor\laravel\framework\src\Illuminate\Foundation\Application.php(641): Stack\StackedHttpKernel->handle(Object(Illuminate\Http\Request))
#10 C:\Users\Alvaro\Documents\Proyectos\estadisticas-futbol\public\index.php(49): Illuminate\Foundation\Application->run()
#11 {main} [] []
[2015-05-20 16:26:29] local.ERROR: exception 'Symfony\Component\HttpKernel\Exception\NotFoundHttpException' in C:\Users\Alvaro\Documents\Proyectos\estadisticas-futbol\vendor\laravel\framework\src\Illuminate\Routing\RouteCollection.php:148
Stack trace:
#0 C:\Users\Alvaro\Documents\Proyectos\estadisticas-futbol\vendor\laravel\framework\src\Illuminate\Routing\Router.php(1054): Illuminate\Routing\RouteCollection->match(Object(Illuminate\Http\Request))
#1 C:\Users\Alvaro\Documents\Proyectos\estadisticas-futbol\vendor\laravel\framework\src\Illuminate\Routing\Router.php(1022): Illuminate\Routing\Router->findRoute(Object(Illuminate\Http\Request))
#2 C:\Users\Alvaro\Documents\Proyectos\estadisticas-futbol\vendor\laravel\framework\src\Illuminate\Routing\Router.php(1001): Illuminate\Routing\Router->dispatchToRoute(Object(Illuminate\Http\Request))
#3 C:\Users\Alvaro\Documents\Proyectos\estadisticas-futbol\vendor\laravel\framework\src\Illuminate\Foundation\Application.php(775): Illuminate\Routing\Router->dispatch(Object(Illuminate\Http\Request))
#4 C:\Users\Alvaro\Documents\Proyectos\estadisticas-futbol\vendor\laravel\framework\src\Illuminate\Foundation\Application.php(745): Illuminate\Foundation\Application->dispatch(Object(Illuminate\Http\Request))
#5 C:\Users\Alvaro\Documents\Proyectos\estadisticas-futbol\vendor\laravel\framework\src\Illuminate\Session\Middleware.php(72): Illuminate\Foundation\Application->handle(Object(Illuminate\Http\Request), 1, true)
#6 C:\Users\Alvaro\Documents\Proyectos\estadisticas-futbol\vendor\laravel\framework\src\Illuminate\Cookie\Queue.php(47): Illuminate\Session\Middleware->handle(Object(Illuminate\Http\Request), 1, true)
#7 C:\Users\Alvaro\Documents\Proyectos\estadisticas-futbol\vendor\laravel\framework\src\Illuminate\Cookie\Guard.php(51): Illuminate\Cookie\Queue->handle(Object(Illuminate\Http\Request), 1, true)
#8 C:\Users\Alvaro\Documents\Proyectos\estadisticas-futbol\vendor\stack\builder\src\Stack\StackedHttpKernel.php(23): Illuminate\Cookie\Guard->handle(Object(Illuminate\Http\Request), 1, true)
#9 C:\Users\Alvaro\Documents\Proyectos\estadisticas-futbol\vendor\laravel\framework\src\Illuminate\Foundation\Application.php(641): Stack\StackedHttpKernel->handle(Object(Illuminate\Http\Request))
#10 C:\Users\Alvaro\Documents\Proyectos\estadisticas-futbol\public\index.php(49): Illuminate\Foundation\Application->run()
#11 {main} [] []
[2015-05-20 16:26:29] local.ERROR: exception 'Symfony\Component\HttpKernel\Exception\NotFoundHttpException' in C:\Users\Alvaro\Documents\Proyectos\estadisticas-futbol\vendor\laravel\framework\src\Illuminate\Routing\RouteCollection.php:148
Stack trace:
#0 C:\Users\Alvaro\Documents\Proyectos\estadisticas-futbol\vendor\laravel\framework\src\Illuminate\Routing\Router.php(1054): Illuminate\Routing\RouteCollection->match(Object(Illuminate\Http\Request))
#1 C:\Users\Alvaro\Documents\Proyectos\estadisticas-futbol\vendor\laravel\framework\src\Illuminate\Routing\Router.php(1022): Illuminate\Routing\Router->findRoute(Object(Illuminate\Http\Request))
#2 C:\Users\Alvaro\Documents\Proyectos\estadisticas-futbol\vendor\laravel\framework\src\Illuminate\Routing\Router.php(1001): Illuminate\Routing\Router->dispatchToRoute(Object(Illuminate\Http\Request))
#3 C:\Users\Alvaro\Documents\Proyectos\estadisticas-futbol\vendor\laravel\framework\src\Illuminate\Foundation\Application.php(775): Illuminate\Routing\Router->dispatch(Object(Illuminate\Http\Request))
#4 C:\Users\Alvaro\Documents\Proyectos\estadisticas-futbol\vendor\laravel\framework\src\Illuminate\Foundation\Application.php(745): Illuminate\Foundation\Application->dispatch(Object(Illuminate\Http\Request))
#5 C:\Users\Alvaro\Documents\Proyectos\estadisticas-futbol\vendor\laravel\framework\src\Illuminate\Session\Middleware.php(72): Illuminate\Foundation\Application->handle(Object(Illuminate\Http\Request), 1, true)
#6 C:\Users\Alvaro\Documents\Proyectos\estadisticas-futbol\vendor\laravel\framework\src\Illuminate\Cookie\Queue.php(47): Illuminate\Session\Middleware->handle(Object(Illuminate\Http\Request), 1, true)
#7 C:\Users\Alvaro\Documents\Proyectos\estadisticas-futbol\vendor\laravel\framework\src\Illuminate\Cookie\Guard.php(51): Illuminate\Cookie\Queue->handle(Object(Illuminate\Http\Request), 1, true)
#8 C:\Users\Alvaro\Documents\Proyectos\estadisticas-futbol\vendor\stack\builder\src\Stack\StackedHttpKernel.php(23): Illuminate\Cookie\Guard->handle(Object(Illuminate\Http\Request), 1, true)
#9 C:\Users\Alvaro\Documents\Proyectos\estadisticas-futbol\vendor\laravel\framework\src\Illuminate\Foundation\Application.php(641): Stack\StackedHttpKernel->handle(Object(Illuminate\Http\Request))
#10 C:\Users\Alvaro\Documents\Proyectos\estadisticas-futbol\public\index.php(49): Illuminate\Foundation\Application->run()
#11 {main} [] []
